19:05:48.918 [main                     ] DEBUG Logger               - Configured Logger
19:05:48.939 [main                     ] DEBUG GameApplication      - Logging settings
Title: Platformer
Version: 0.0.1-DEV-SNAPSHOT
Width: 1200
Height: 600
Fullscreen: true
Intro: false
Profiling: true
Single step:false
App Mode: DEVELOPER
Menu Key: ESCAPE
Stage Style: DECORATED
Scene Factory: class net.tkdkid1000.platformer.App$1

19:05:49.798 [JavaFX Application Thread] DEBUG FXGLApplication      - Initializing FXGL
19:05:49.806 [JavaFX Application Thread] INFO  Engine               - FXGL-11.14 (01.03.2021 16.59) on WINDOWS (J:11.0.10 FX:15)
19:05:49.809 [JavaFX Application Thread] DEBUG Engine               - JRE Vendor Name: Oracle Corporation
19:05:49.809 [JavaFX Application Thread] DEBUG Engine               - Running on OS: Windows 10 version 10.0
19:05:49.809 [JavaFX Application Thread] DEBUG Engine               - Architecture: amd64
19:05:49.810 [JavaFX Application Thread] INFO  Engine               - Source code and latest versions at: https://github.com/AlmasB/FXGL
19:05:49.811 [JavaFX Application Thread] INFO  Engine               -              Join the FXGL chat at: https://gitter.im/AlmasB/FXGL
19:05:50.147 [JavaFX Application Thread] DEBUG PrimaryStageWindow   - Creating a JavaFX scene
19:05:50.319 [JavaFX Application Thread] DEBUG PrimaryStageWindow   - Target settings size: 1200.0 x 600.0
19:05:50.320 [JavaFX Application Thread] DEBUG PrimaryStageWindow   - Scaled scene size:    1200.0 x 600.0
19:05:50.321 [JavaFX Application Thread] DEBUG PrimaryStageWindow   - Scaled ratio: (1.0, 1.0)
19:05:50.327 [JavaFX Application Thread] DEBUG PrimaryStageWindow   - Set initial scene to FXGLStartupScene
19:05:50.343 [JavaFX Application Thread] DEBUG PrimaryStageWindow   - Opening main window
19:05:50.508 [JavaFX Application Thread] DEBUG PrimaryStageWindow   - Window border size: (16.0, 39.0)
19:05:50.509 [JavaFX Application Thread] DEBUG PrimaryStageWindow   - Scaled size: 1200.0 x 600.0
19:05:50.510 [JavaFX Application Thread] DEBUG PrimaryStageWindow   - Scaled ratio: (1.0, 1.0)
19:05:50.510 [JavaFX Application Thread] DEBUG PrimaryStageWindow   - Scene size: 1200.0 x 600.0
19:05:50.511 [JavaFX Application Thread] DEBUG PrimaryStageWindow   - Stage size: 1216.0 x 639.0
19:05:50.541 [FXGL Background Thread 1 ] DEBUG Engine               - Initializing environment variables
19:05:50.661 [FXGL Background Thread 1 ] DEBUG FXGLAssetLoaderServi - User app class for loading assets: class net.tkdkid1000.platformer.App
19:05:50.662 [FXGL Background Thread 1 ] DEBUG GameApplicationServi - Applying CSS: fxgl_dark.css
19:05:50.665 [FXGL Background Thread 1 ] DEBUG FXGLAssetLoaderServi - Loading from file system: jar:file:/C:/Users/rhone/.m2/repository/com/github/almasb/fxgl/11.14/fxgl-11.14.jar!/fxglassets/ui/css/fxgl_dark.css
19:05:50.797 [FXGL Background Thread 1 ] DEBUG GameApplicationServi - Initializing application scenes
19:05:50.926 [FXGL Background Thread 1 ] DEBUG GameWorld            - Game world initialized
19:05:51.084 [FXGL Background Thread 1 ] DEBUG PhysicsWorld         - Physics world initialized: appHeight=600, physics.ppm=50.0
19:05:51.085 [FXGL Background Thread 1 ] DEBUG PhysicsWorld         - Using strategy: BRUTE_FORCE
19:05:51.101 [FXGL Background Thread 1 ] DEBUG GameScene            - Game scene initialized: 1200x600
19:05:51.183 [FXGL Background Thread 1 ] DEBUG GameApplicationServi - Application scenes initialized
19:05:51.236 [FXGL Background Thread 1 ] DEBUG SystemBundleService  - Loading FXGL system data
19:05:51.252 [FXGL Background Thread 1 ] DEBUG FileSystemAccess     - Reading from: C:\Users\rhone\eclipse-workspace\FXGLPlatformer\system\fxgl.bundle
19:05:51.261 [FXGL Background Thread 1 ] DEBUG SystemBundleService  - Bundle FXGL: {}
19:05:51.261 [FXGL Background Thread 1 ] DEBUG UpdaterService       - Checking for updates
19:05:51.303 [FXGL Background Thread 4 ] DEBUG FXGLApplication      - Loading fonts
19:05:51.303 [FXGL Background Thread 1 ] DEBUG FXGLApplication      - Loading default localization
19:05:51.304 [FXGL Background Thread 4 ] DEBUG FXGLAssetLoaderServi - Loading from file system: jar:file:/C:/Users/rhone/.m2/repository/com/github/almasb/fxgl/11.14/fxgl-11.14.jar!/fxglassets/ui/fonts/VarelaRound-Regular.ttf
19:05:51.305 [FXGL Background Thread 1 ] DEBUG FXGLAssetLoaderServi - Loading from file system: jar:file:/C:/Users/rhone/.m2/repository/com/github/almasb/fxgl/11.14/fxgl-11.14.jar!/fxglassets/languages/english.lang
19:05:51.374 [FXGL Background Thread 1 ] INFO  FXGLApplication      - FXGL initialization took: 0.833 sec
19:05:51.378 [JavaFX Application Thread] DEBUG FXGLAssetLoaderServi - Loading from file system: file:/C:/Users/rhone/eclipse-workspace/FXGLPlatformer/target/classes/assets/textures/armi.png
19:05:51.436 [JavaFX Application Thread] DEBUG FXGLAssetLoaderServi - Loading from file system: jar:file:/C:/Users/rhone/.m2/repository/com/github/almasb/fxgl/11.14/fxgl-11.14.jar!/fxglassets/ui/cursors/fxgl_default.png
19:05:51.484 [JavaFX Application Thread] DEBUG Input                - Registered new binding: Screenshot - P
19:05:51.487 [JavaFX Application Thread] DEBUG Input                - Registered new binding: System info dump - CTRL+9
19:05:51.493 [JavaFX Application Thread] DEBUG Input                - Registered new binding: Restart - CTRL+R
19:05:51.495 [JavaFX Application Thread] DEBUG Input                - Registered new binding: Toggle Debug Camera - CTRL+C
19:05:51.501 [JavaFX Application Thread] DEBUG LoopRunner           - Starting loop
19:05:51.502 [JavaFX Application Thread] DEBUG LoopRunner           - Initializing JavaFX AnimationTimerLoop
19:05:51.507 [JavaFX Application Thread] DEBUG GameApplicationServi - Starting new game
19:05:51.509 [JavaFX Application Thread] DEBUG Input                - Clearing active input actions
19:05:51.543 [JavaFX Application Thread] DEBUG GameApplicationServi - Removing overlay from FXGLStartupScene and adding to FXGLLoadingScene
19:05:51.546 [JavaFX Application Thread] DEBUG PrimaryStageWindow   - FXGLStartupScene -> FXGLLoadingScene
19:05:51.546 [JavaFX Application Thread] DEBUG GameApplicationServi - Clearing previous game
19:05:51.546 [JavaFX Application Thread] DEBUG GameScene            - Clearing game scene
19:05:51.546 [JavaFX Application Thread] DEBUG GameWorld            - Clearing game world
19:05:51.546 [JavaFX Application Thread] DEBUG PhysicsWorld         - Clearing physics world
19:05:51.549 [FXGL Background Thread 1 ] DEBUG FXGLApplication      - Initializing game
19:05:51.554 [FXGL Background Thread 1 ] DEBUG AchievementService   - Registered new achievement: Jumpman
19:05:51.555 [FXGL Background Thread 1 ] DEBUG AchievementService   - Registered new achievement: Out of the box
19:05:51.568 [FXGL Background Thread 1 ] DEBUG FXGLAssetLoaderServi - Loading from file system: file:/C:/Users/rhone/eclipse-workspace/FXGLPlatformer/target/classes/assets/textures/player.png
19:05:51.655 [FXGL Background Thread 1 ] WARN  FXGLAssetLoaderServi - Asset "/assets/music/bgm.mp3" was not found!
19:05:51.656 [FXGL Background Thread 1 ] WARN  FXGLAssetLoaderServi - Failed to load MUSIC
19:05:51.660 [FXGL Background Thread 1 ] DEBUG AudioPlayer          - Playing music com.almasb.fxgl.audio.Music@649b244d
19:05:51.670 [FXGL Background Thread 1 ] DEBUG Input                - Registered new binding: ClearBlock - C
19:05:51.671 [FXGL Background Thread 1 ] DEBUG Input                - Registered new binding: SpawnBlock - E
19:05:51.672 [FXGL Background Thread 1 ] DEBUG Input                - Registered new binding: Respawn - R
19:05:51.673 [FXGL Background Thread 1 ] DEBUG Input                - Registered new binding: ToggleFullscreen - F11
19:05:51.673 [FXGL Background Thread 1 ] DEBUG Input                - Registered new binding: MovePlayerDown - S
19:05:51.676 [FXGL Background Thread 1 ] DEBUG Input                - Registered new binding: MovePlayerUp - W
19:05:51.677 [FXGL Background Thread 1 ] DEBUG Input                - Registered new binding: MovePlayerRight - D
19:05:51.677 [FXGL Background Thread 1 ] DEBUG Input                - Registered new binding: MovePlayerLeft - A
19:05:51.697 [FXGL Background Thread 1 ] INFO  FXGLApplication      - Game initialization took: 0.148 sec
19:05:51.792 [JavaFX Application Thread] DEBUG Input                - Clearing active input actions
19:05:51.814 [JavaFX Application Thread] DEBUG GameApplicationServi - Removing overlay from FXGLLoadingScene and adding to GameScene
19:05:51.818 [JavaFX Application Thread] DEBUG PrimaryStageWindow   - FXGLLoadingScene -> GameScene
19:05:52.030 [FXGL Background Thread 4 ] DEBUG FXGLAssetLoaderServi - Loading from file system: jar:file:/C:/Users/rhone/.m2/repository/com/github/almasb/fxgl/11.14/fxgl-11.14.jar!/fxglassets/ui/fonts/Abel-Regular.ttf
19:05:52.058 [FXGL Background Thread 4 ] DEBUG FXGLAssetLoaderServi - Loading from file system: jar:file:/C:/Users/rhone/.m2/repository/com/github/almasb/fxgl/11.14/fxgl-11.14.jar!/fxglassets/ui/fonts/lucida_console.ttf
19:05:52.096 [FXGL Background Thread 4 ] DEBUG FXGLAssetLoaderServi - Loading from file system: jar:file:/C:/Users/rhone/.m2/repository/com/github/almasb/fxgl/11.14/fxgl-11.14.jar!/fxglassets/ui/fonts/Courier-Prime.ttf
19:05:52.140 [JavaFX Application Thread] DEBUG FXGLApplication      - Registering font factories with UI factory
19:05:54.293 [FXGL Background Thread 3 ] DEBUG Engine               - Logging environment variables
19:05:54.294 [FXGL Background Thread 3 ] DEBUG Engine               - achievements: []
19:05:54.295 [FXGL Background Thread 3 ] DEBUG Engine               - actualHeight: 600.0
19:05:54.295 [FXGL Background Thread 3 ] DEBUG Engine               - actualHeightProperty: ReadOnlyDoubleProperty [value: 600.0]
19:05:54.295 [FXGL Background Thread 3 ] DEBUG Engine               - actualWidth: 1200.0
19:05:54.295 [FXGL Background Thread 3 ] DEBUG Engine               - actualWidthProperty: ReadOnlyDoubleProperty [value: 1200.0]
19:05:54.295 [FXGL Background Thread 3 ] DEBUG Engine               - appIcon: armi.png
19:05:54.295 [FXGL Background Thread 3 ] DEBUG Engine               - applicationMode: DEVELOPER
19:05:54.295 [FXGL Background Thread 3 ] DEBUG Engine               - cSSList: [fxgl_dark.css]
19:05:54.296 [FXGL Background Thread 3 ] DEBUG Engine               - collisionDetectionStrategy: BRUTE_FORCE
19:05:54.296 [FXGL Background Thread 3 ] DEBUG Engine               - configClass: Optional.empty
19:05:54.296 [FXGL Background Thread 3 ] DEBUG Engine               - credits: [TKDKid1000, github.com/TKDKid1000]
19:05:54.297 [FXGL Background Thread 3 ] DEBUG Engine               - devBBoxColorProperty: ObjectProperty [value: 0xff0000ff]
19:05:54.297 [FXGL Background Thread 3 ] DEBUG Engine               - devEnableDebugCameraProperty: BooleanProperty [value: false]
19:05:54.297 [FXGL Background Thread 3 ] DEBUG Engine               - devSensorColorProperty: ObjectProperty [value: 0xffff00ff]
19:05:54.297 [FXGL Background Thread 3 ] DEBUG Engine               - devShowBBoxProperty: BooleanProperty [value: false]
19:05:54.297 [FXGL Background Thread 3 ] DEBUG Engine               - devShowPositionProperty: BooleanProperty [value: false]
19:05:54.297 [FXGL Background Thread 3 ] DEBUG Engine               - enabledMenuItems: []
19:05:54.297 [FXGL Background Thread 3 ] DEBUG Engine               - engineServices: [class com.almasb.fxgl.app.services.FXGLAssetLoaderService, class com.almasb.fxgl.app.FXGLApplication$GameApplicationService, class com.almasb.fxgl.app.services.FXGLDialogService, class com.almasb.fxgl.app.services.IOTaskExecutorService, class com.almasb.fxgl.event.EventBusService, class com.almasb.fxgl.io.FileSystemService, class com.almasb.fxgl.localization.LocalizationService, class com.almasb.fxgl.app.services.SystemBundleService, class com.almasb.fxgl.profile.SaveLoadService, class com.almasb.fxgl.ui.FXGLUIFactoryServiceProvider, class com.almasb.fxgl.ui.FXGLDialogFactoryServiceProvider, class com.almasb.fxgl.audio.AudioPlayer, class com.almasb.fxgl.notification.impl.NotificationServiceProvider, class com.almasb.fxgl.achievement.AchievementService, class com.almasb.fxgl.cutscene.CutsceneService, class com.almasb.fxgl.minigames.MiniGameService, class com.almasb.fxgl.net.NetService, class com.almasb.fxgl.app.services.UpdaterService, class com.almasb.fxgl.dev.DevService, class com.almasb.fxgl.dev.profiling.ProfilerService]
19:05:54.297 [FXGL Background Thread 3 ] DEBUG Engine               - fontGame: Abel-Regular.ttf
19:05:54.297 [FXGL Background Thread 3 ] DEBUG Engine               - fontMono: lucida_console.ttf
19:05:54.298 [FXGL Background Thread 3 ] DEBUG Engine               - fontText: Courier-Prime.ttf
19:05:54.298 [FXGL Background Thread 3 ] DEBUG Engine               - fontUI: VarelaRound-Regular.ttf
19:05:54.298 [FXGL Background Thread 3 ] DEBUG Engine               - fullScreen: BooleanProperty [value: false]
19:05:54.298 [FXGL Background Thread 3 ] DEBUG Engine               - gameDifficulty: MEDIUM
19:05:54.298 [FXGL Background Thread 3 ] DEBUG Engine               - gameDifficultyProperty: ObjectProperty [value: MEDIUM]
19:05:54.298 [FXGL Background Thread 3 ] DEBUG Engine               - globalMusicVolume: 0.5
19:05:54.298 [FXGL Background Thread 3 ] DEBUG Engine               - globalMusicVolumeProperty: DoubleProperty [value: 0.5]
19:05:54.298 [FXGL Background Thread 3 ] DEBUG Engine               - globalSoundVolume: 0.5
19:05:54.298 [FXGL Background Thread 3 ] DEBUG Engine               - globalSoundVolumeProperty: DoubleProperty [value: 0.5]
19:05:54.298 [FXGL Background Thread 3 ] DEBUG Engine               - height: 600
19:05:54.298 [FXGL Background Thread 3 ] DEBUG Engine               - isAndroid: false
19:05:54.299 [FXGL Background Thread 3 ] DEBUG Engine               - isBrowser: false
19:05:54.299 [FXGL Background Thread 3 ] DEBUG Engine               - isClickFeedbackEnabled: true
19:05:54.299 [FXGL Background Thread 3 ] DEBUG Engine               - isCloseConfirmation: true
19:05:54.299 [FXGL Background Thread 3 ] DEBUG Engine               - isDesktop: true
19:05:54.299 [FXGL Background Thread 3 ] DEBUG Engine               - isDeveloperMenuEnabled: false
19:05:54.299 [FXGL Background Thread 3 ] DEBUG Engine               - isEntityPreloadEnabled: true
19:05:54.299 [FXGL Background Thread 3 ] DEBUG Engine               - isExperimental3D: false
19:05:54.300 [FXGL Background Thread 3 ] DEBUG Engine               - isExperimentalNative: false
19:05:54.300 [FXGL Background Thread 3 ] DEBUG Engine               - isExperimentalTiledLargeMap: false
19:05:54.300 [FXGL Background Thread 3 ] DEBUG Engine               - isFileSystemWriteAllowed: true
19:05:54.300 [FXGL Background Thread 3 ] DEBUG Engine               - isFullScreenAllowed: true
19:05:54.300 [FXGL Background Thread 3 ] DEBUG Engine               - isFullScreenFromStart: false
19:05:54.300 [FXGL Background Thread 3 ] DEBUG Engine               - isGameMenuEnabled: true
19:05:54.300 [FXGL Background Thread 3 ] DEBUG Engine               - isIOS: false
19:05:54.301 [FXGL Background Thread 3 ] DEBUG Engine               - isIntroEnabled: false
19:05:54.301 [FXGL Background Thread 3 ] DEBUG Engine               - isLinux: false
19:05:54.301 [FXGL Background Thread 3 ] DEBUG Engine               - isMac: false
19:05:54.301 [FXGL Background Thread 3 ] DEBUG Engine               - isMainMenuEnabled: false
19:05:54.301 [FXGL Background Thread 3 ] DEBUG Engine               - isManualResizeEnabled: false
19:05:54.301 [FXGL Background Thread 3 ] DEBUG Engine               - isMobile: false
19:05:54.301 [FXGL Background Thread 3 ] DEBUG Engine               - isPreserveResizeRatio: false
19:05:54.301 [FXGL Background Thread 3 ] DEBUG Engine               - isProfilingEnabled: true
19:05:54.301 [FXGL Background Thread 3 ] DEBUG Engine               - isScaleAffectedOnResize: true
19:05:54.301 [FXGL Background Thread 3 ] DEBUG Engine               - isSingleStep: false
19:05:54.302 [FXGL Background Thread 3 ] DEBUG Engine               - isUserProfileEnabled: false
19:05:54.302 [FXGL Background Thread 3 ] DEBUG Engine               - isWindows: true
19:05:54.302 [FXGL Background Thread 3 ] DEBUG Engine               - language: ObjectProperty [value: ENGLISH]
19:05:54.303 [FXGL Background Thread 3 ] DEBUG Engine               - menuKey: ESCAPE
19:05:54.303 [FXGL Background Thread 3 ] DEBUG Engine               - notificationViewClass: class com.almasb.fxgl.notification.view.XboxNotificationView
19:05:54.303 [FXGL Background Thread 3 ] DEBUG Engine               - pixelsPerMeter: 50.0
19:05:54.303 [FXGL Background Thread 3 ] DEBUG Engine               - platform: WINDOWS
19:05:54.303 [FXGL Background Thread 3 ] DEBUG Engine               - prefHeightProperty: ReadOnlyDoubleProperty [value: 600.0]
19:05:54.304 [FXGL Background Thread 3 ] DEBUG Engine               - prefWidthProperty: ReadOnlyDoubleProperty [value: 1200.0]
19:05:54.304 [FXGL Background Thread 3 ] DEBUG Engine               - profileDir: profiles/
19:05:54.304 [FXGL Background Thread 3 ] DEBUG Engine               - profileName: StringProperty [value: DEFAULT]
19:05:54.304 [FXGL Background Thread 3 ] DEBUG Engine               - randomSeed: -1
19:05:54.305 [FXGL Background Thread 3 ] DEBUG Engine               - runtimeInfo: RuntimeInfo(platform=WINDOWS, version=11.14, build=01.03.2021 16.59)
19:05:54.305 [FXGL Background Thread 3 ] DEBUG Engine               - saveFileExt: sav
19:05:54.305 [FXGL Background Thread 3 ] DEBUG Engine               - scaledHeightProp$fxgl: DoubleProperty [bound, value: 600.0]
19:05:54.305 [FXGL Background Thread 3 ] DEBUG Engine               - scaledWidthProp$fxgl: DoubleProperty [bound, value: 1200.0]
19:05:54.305 [FXGL Background Thread 3 ] DEBUG Engine               - sceneFactory: net.tkdkid1000.platformer.App$1@2e3f8f49
19:05:54.305 [FXGL Background Thread 3 ] DEBUG Engine               - secondsIn24h: 60
19:05:54.305 [FXGL Background Thread 3 ] DEBUG Engine               - soundMenuBack: menu/back.wav
19:05:54.305 [FXGL Background Thread 3 ] DEBUG Engine               - soundMenuPress: menu/press.wav
19:05:54.305 [FXGL Background Thread 3 ] DEBUG Engine               - soundMenuSelect: menu/select.wav
19:05:54.305 [FXGL Background Thread 3 ] DEBUG Engine               - soundNotification: core/notification.wav
19:05:54.305 [FXGL Background Thread 3 ] DEBUG Engine               - stageStyle: DECORATED
19:05:54.305 [FXGL Background Thread 3 ] DEBUG Engine               - supportedLanguages: [ENGLISH, FRENCH, GERMAN, HUNGARIAN, RUSSIAN]
19:05:54.305 [FXGL Background Thread 3 ] DEBUG Engine               - ticksPerSecond: -1
19:05:54.305 [FXGL Background Thread 3 ] DEBUG Engine               - title: Platformer
19:05:54.305 [FXGL Background Thread 3 ] DEBUG Engine               - urlGithub: https://github.com/AlmasB/FXGL
19:05:54.305 [FXGL Background Thread 3 ] DEBUG Engine               - urlLeaderboard: http://fxgl-top.herokuapp.com/
19:05:54.306 [FXGL Background Thread 3 ] DEBUG Engine               - urlPOM: https://raw.githubusercontent.com/AlmasB/FXGL/release/README.md
19:05:54.306 [FXGL Background Thread 3 ] DEBUG Engine               - userAppClass: class net.tkdkid1000.platformer.App
19:05:54.306 [FXGL Background Thread 3 ] DEBUG Engine               - version: 0.0.1-DEV-SNAPSHOT
19:05:54.306 [FXGL Background Thread 3 ] DEBUG Engine               - versionCheckDays: 7
19:05:54.306 [FXGL Background Thread 3 ] DEBUG Engine               - width: 1200
19:05:54.306 [FXGL Background Thread 3 ] DEBUG Engine               - Logging services
19:05:54.306 [FXGL Background Thread 3 ] DEBUG Engine               - class com.almasb.fxgl.app.services.FXGLAssetLoaderService
19:05:54.306 [FXGL Background Thread 3 ] DEBUG Engine               - class com.almasb.fxgl.app.FXGLApplication$GameApplicationService
19:05:54.306 [FXGL Background Thread 3 ] DEBUG Engine               - class com.almasb.fxgl.app.services.FXGLDialogService
19:05:54.306 [FXGL Background Thread 3 ] DEBUG Engine               - class com.almasb.fxgl.app.services.IOTaskExecutorService
19:05:54.306 [FXGL Background Thread 3 ] DEBUG Engine               - class com.almasb.fxgl.event.EventBusService
19:05:54.306 [FXGL Background Thread 3 ] DEBUG Engine               - class com.almasb.fxgl.io.FileSystemService
19:05:54.306 [FXGL Background Thread 3 ] DEBUG Engine               - class com.almasb.fxgl.localization.LocalizationService
19:05:54.306 [FXGL Background Thread 3 ] DEBUG Engine               - class com.almasb.fxgl.app.services.SystemBundleService
19:05:54.306 [FXGL Background Thread 3 ] DEBUG Engine               - class com.almasb.fxgl.profile.SaveLoadService
19:05:54.306 [FXGL Background Thread 3 ] DEBUG Engine               - class com.almasb.fxgl.ui.FXGLUIFactoryServiceProvider
19:05:54.306 [FXGL Background Thread 3 ] DEBUG Engine               - class com.almasb.fxgl.ui.FXGLDialogFactoryServiceProvider
19:05:54.306 [FXGL Background Thread 3 ] DEBUG Engine               - class com.almasb.fxgl.audio.AudioPlayer
19:05:54.306 [FXGL Background Thread 3 ] DEBUG Engine               - class com.almasb.fxgl.notification.impl.NotificationServiceProvider
19:05:54.306 [FXGL Background Thread 3 ] DEBUG Engine               - class com.almasb.fxgl.achievement.AchievementService
19:05:54.306 [FXGL Background Thread 3 ] DEBUG Engine               - class com.almasb.fxgl.cutscene.CutsceneService
19:05:54.307 [FXGL Background Thread 3 ] DEBUG Engine               - class com.almasb.fxgl.minigames.MiniGameService
19:05:54.307 [FXGL Background Thread 3 ] DEBUG Engine               - class com.almasb.fxgl.net.NetService
19:05:54.307 [FXGL Background Thread 3 ] DEBUG Engine               - class com.almasb.fxgl.app.services.UpdaterService
19:05:54.307 [FXGL Background Thread 3 ] DEBUG Engine               - class com.almasb.fxgl.dev.DevService
19:05:54.307 [FXGL Background Thread 3 ] DEBUG Engine               - class com.almasb.fxgl.dev.profiling.ProfilerService
19:06:40.367 [JavaFX Application Thread] DEBUG EventBus             - Firing event: AchievementEvent[type=ACHIEVED, name=Out of the box, description=Leave the play area.]
19:06:45.407 [JavaFX Application Thread] DEBUG PrimaryStageWindow   - Push state: DialogSubScene
19:06:45.407 [JavaFX Application Thread] DEBUG Input                - Clearing active input actions
19:06:45.422 [JavaFX Application Thread] DEBUG GameApplicationServi - Removing overlay from GameScene and adding to DialogSubScene
19:06:45.424 [JavaFX Application Thread] DEBUG PrimaryStageWindow   - GameScene -> DialogSubScene
19:06:46.707 [JavaFX Application Thread] DEBUG PrimaryStageWindow   - Pop state: DialogSubScene
19:06:46.707 [JavaFX Application Thread] DEBUG Input                - Clearing active input actions
19:06:46.709 [JavaFX Application Thread] DEBUG GameApplicationServi - Removing overlay from DialogSubScene and adding to GameScene
19:06:46.711 [JavaFX Application Thread] DEBUG PrimaryStageWindow   - GameScene <- DialogSubScene
19:06:46.711 [JavaFX Application Thread] DEBUG FXGLApplication      - Exiting FXGL
19:06:46.711 [JavaFX Application Thread] DEBUG LoopRunner           - Stopping loop
19:06:46.712 [JavaFX Application Thread] DEBUG SystemBundleService  - Saving FXGL system data
19:06:46.718 [JavaFX Application Thread] DEBUG FileSystemAccess     - Writing to: C:\Users\rhone\eclipse-workspace\FXGLPlatformer\system\fxgl.bundle
19:06:46.725 [JavaFX Application Thread] INFO  ProfilerWindow       - Profiler (FPS) - 3157 frames
19:06:46.726 [JavaFX Application Thread] INFO  ProfilerWindow       - Average: 57.74881216344631
19:06:46.726 [JavaFX Application Thread] INFO  ProfilerWindow       - Minimum: 41.0
19:06:46.726 [JavaFX Application Thread] INFO  ProfilerWindow       - Maximum: 60.0
19:06:46.726 [JavaFX Application Thread] INFO  ProfilerWindow       - Profiler (CPU (ms)) - 3157 frames
19:06:46.726 [JavaFX Application Thread] INFO  ProfilerWindow       - Average: 0.5172200823566682
19:06:46.726 [JavaFX Application Thread] INFO  ProfilerWindow       - Minimum: 0.0
19:06:46.727 [JavaFX Application Thread] INFO  ProfilerWindow       - Maximum: 34.8905
19:06:46.727 [JavaFX Application Thread] INFO  ProfilerWindow       - Profiler (RAM (MB)) - 3157 frames
19:06:46.727 [JavaFX Application Thread] INFO  ProfilerWindow       - Average: 55.51662798867333
19:06:46.727 [JavaFX Application Thread] INFO  ProfilerWindow       - Minimum: 14.0185546875
19:06:46.727 [JavaFX Application Thread] INFO  ProfilerWindow       - Maximum: 113.0185546875
19:06:46.727 [JavaFX Application Thread] INFO  ProfilerService      - Estimated GC runs: 3
19:06:46.728 [JavaFX Application Thread] DEBUG Async                - Shutting down background threads
19:06:46.728 [JavaFX Application Thread] DEBUG PrimaryStageWindow   - Closing main window
19:06:46.752 [JavaFX Application Thread] DEBUG Logger               - Closing Logger
