19:04:39.025 [main                     ] DEBUG Logger               - Configured Logger
19:04:39.042 [main                     ] DEBUG GameApplication      - Logging settings
Title: Platformer
Version: 0.0.1-DEV-SNAPSHOT
Width: 1200
Height: 600
Fullscreen: true
Intro: false
Profiling: true
Single step:false
App Mode: DEVELOPER
Menu Key: ESCAPE
Stage Style: DECORATED
Scene Factory: class net.tkdkid1000.platformer.App$1

19:04:39.642 [JavaFX Application Thread] DEBUG FXGLApplication      - Initializing FXGL
19:04:39.646 [JavaFX Application Thread] INFO  Engine               - FXGL-11.14 (01.03.2021 16.59) on WINDOWS (J:11.0.10 FX:15)
19:04:39.647 [JavaFX Application Thread] DEBUG Engine               - JRE Vendor Name: Oracle Corporation
19:04:39.647 [JavaFX Application Thread] DEBUG Engine               - Running on OS: Windows 10 version 10.0
19:04:39.648 [JavaFX Application Thread] DEBUG Engine               - Architecture: amd64
19:04:39.648 [JavaFX Application Thread] INFO  Engine               - Source code and latest versions at: https://github.com/AlmasB/FXGL
19:04:39.648 [JavaFX Application Thread] INFO  Engine               -              Join the FXGL chat at: https://gitter.im/AlmasB/FXGL
19:04:39.905 [JavaFX Application Thread] DEBUG PrimaryStageWindow   - Creating a JavaFX scene
19:04:40.055 [JavaFX Application Thread] DEBUG PrimaryStageWindow   - Target settings size: 1200.0 x 600.0
19:04:40.056 [JavaFX Application Thread] DEBUG PrimaryStageWindow   - Scaled scene size:    1200.0 x 600.0
19:04:40.056 [JavaFX Application Thread] DEBUG PrimaryStageWindow   - Scaled ratio: (1.0, 1.0)
19:04:40.057 [JavaFX Application Thread] DEBUG PrimaryStageWindow   - Set initial scene to FXGLStartupScene
19:04:40.069 [JavaFX Application Thread] DEBUG PrimaryStageWindow   - Opening main window
19:04:40.164 [JavaFX Application Thread] DEBUG PrimaryStageWindow   - Window border size: (16.0, 39.0)
19:04:40.164 [JavaFX Application Thread] DEBUG PrimaryStageWindow   - Scaled size: 1200.0 x 600.0
19:04:40.164 [JavaFX Application Thread] DEBUG PrimaryStageWindow   - Scaled ratio: (1.0, 1.0)
19:04:40.164 [JavaFX Application Thread] DEBUG PrimaryStageWindow   - Scene size: 1200.0 x 600.0
19:04:40.165 [JavaFX Application Thread] DEBUG PrimaryStageWindow   - Stage size: 1216.0 x 639.0
19:04:40.175 [FXGL Background Thread 1 ] DEBUG Engine               - Initializing environment variables
19:04:40.237 [FXGL Background Thread 1 ] DEBUG FXGLAssetLoaderServi - User app class for loading assets: class net.tkdkid1000.platformer.App
19:04:40.238 [FXGL Background Thread 1 ] DEBUG GameApplicationServi - Applying CSS: fxgl_dark.css
19:04:40.243 [FXGL Background Thread 1 ] DEBUG FXGLAssetLoaderServi - Loading from file system: jar:file:/C:/Users/rhone/.m2/repository/com/github/almasb/fxgl/11.14/fxgl-11.14.jar!/fxglassets/ui/css/fxgl_dark.css
19:04:40.423 [FXGL Background Thread 1 ] DEBUG GameApplicationServi - Initializing application scenes
19:04:40.613 [FXGL Background Thread 1 ] DEBUG GameWorld            - Game world initialized
19:04:40.808 [FXGL Background Thread 1 ] DEBUG PhysicsWorld         - Physics world initialized: appHeight=600, physics.ppm=50.0
19:04:40.809 [FXGL Background Thread 1 ] DEBUG PhysicsWorld         - Using strategy: BRUTE_FORCE
19:04:40.816 [FXGL Background Thread 1 ] DEBUG GameScene            - Game scene initialized: 1200x600
19:04:40.927 [FXGL Background Thread 1 ] DEBUG GameApplicationServi - Application scenes initialized
19:04:40.945 [FXGL Background Thread 1 ] DEBUG SystemBundleService  - Loading FXGL system data
19:04:40.951 [FXGL Background Thread 1 ] DEBUG FileSystemAccess     - Reading from: C:\Users\rhone\eclipse-workspace\FXGLPlatformer\system\fxgl.bundle
19:04:40.956 [FXGL Background Thread 1 ] DEBUG SystemBundleService  - Bundle FXGL: {}
19:04:40.957 [FXGL Background Thread 1 ] DEBUG UpdaterService       - Checking for updates
19:04:41.001 [FXGL Background Thread 4 ] DEBUG FXGLApplication      - Loading fonts
19:04:41.002 [FXGL Background Thread 1 ] DEBUG FXGLApplication      - Loading default localization
19:04:41.002 [FXGL Background Thread 4 ] DEBUG FXGLAssetLoaderServi - Loading from file system: jar:file:/C:/Users/rhone/.m2/repository/com/github/almasb/fxgl/11.14/fxgl-11.14.jar!/fxglassets/ui/fonts/VarelaRound-Regular.ttf
19:04:41.003 [FXGL Background Thread 1 ] DEBUG FXGLAssetLoaderServi - Loading from file system: jar:file:/C:/Users/rhone/.m2/repository/com/github/almasb/fxgl/11.14/fxgl-11.14.jar!/fxglassets/languages/english.lang
19:04:41.037 [FXGL Background Thread 1 ] INFO  FXGLApplication      - FXGL initialization took: 0.862 sec
19:04:41.041 [JavaFX Application Thread] DEBUG FXGLAssetLoaderServi - Loading from file system: file:/C:/Users/rhone/eclipse-workspace/FXGLPlatformer/target/classes/assets/textures/armi.png
19:04:41.105 [JavaFX Application Thread] DEBUG FXGLAssetLoaderServi - Loading from file system: jar:file:/C:/Users/rhone/.m2/repository/com/github/almasb/fxgl/11.14/fxgl-11.14.jar!/fxglassets/ui/cursors/fxgl_default.png
19:04:41.157 [JavaFX Application Thread] DEBUG Input                - Registered new binding: Screenshot - P
19:04:41.159 [JavaFX Application Thread] DEBUG Input                - Registered new binding: System info dump - CTRL+9
19:04:41.161 [JavaFX Application Thread] DEBUG Input                - Registered new binding: Restart - CTRL+R
19:04:41.164 [JavaFX Application Thread] DEBUG Input                - Registered new binding: Toggle Debug Camera - CTRL+C
19:04:41.172 [JavaFX Application Thread] DEBUG LoopRunner           - Starting loop
19:04:41.173 [JavaFX Application Thread] DEBUG LoopRunner           - Initializing JavaFX AnimationTimerLoop
19:04:41.177 [JavaFX Application Thread] DEBUG GameApplicationServi - Starting new game
19:04:41.178 [JavaFX Application Thread] DEBUG Input                - Clearing active input actions
19:04:41.202 [JavaFX Application Thread] DEBUG GameApplicationServi - Removing overlay from FXGLStartupScene and adding to FXGLLoadingScene
19:04:41.204 [JavaFX Application Thread] DEBUG PrimaryStageWindow   - FXGLStartupScene -> FXGLLoadingScene
19:04:41.204 [JavaFX Application Thread] DEBUG GameApplicationServi - Clearing previous game
19:04:41.204 [JavaFX Application Thread] DEBUG GameScene            - Clearing game scene
19:04:41.204 [JavaFX Application Thread] DEBUG GameWorld            - Clearing game world
19:04:41.205 [JavaFX Application Thread] DEBUG PhysicsWorld         - Clearing physics world
19:04:41.208 [FXGL Background Thread 1 ] DEBUG FXGLApplication      - Initializing game
19:04:41.212 [FXGL Background Thread 1 ] DEBUG AchievementService   - Registered new achievement: Jumpman
19:04:41.213 [FXGL Background Thread 1 ] DEBUG AchievementService   - Registered new achievement: Out of the box
19:04:41.222 [FXGL Background Thread 1 ] DEBUG FXGLAssetLoaderServi - Loading from file system: file:/C:/Users/rhone/eclipse-workspace/FXGLPlatformer/target/classes/assets/textures/player.png
19:04:41.361 [FXGL Background Thread 1 ] WARN  FXGLAssetLoaderServi - Asset "/assets/music/bgm.mp3" was not found!
19:04:41.362 [FXGL Background Thread 1 ] WARN  FXGLAssetLoaderServi - Failed to load MUSIC
19:04:41.368 [FXGL Background Thread 1 ] DEBUG AudioPlayer          - Playing music com.almasb.fxgl.audio.Music@52f986a
19:04:41.383 [FXGL Background Thread 1 ] DEBUG Input                - Registered new binding: ClearBlock - C
19:04:41.383 [FXGL Background Thread 1 ] DEBUG Input                - Registered new binding: SpawnBlock - E
19:04:41.383 [FXGL Background Thread 1 ] DEBUG Input                - Registered new binding: Respawn - R
19:04:41.384 [FXGL Background Thread 1 ] DEBUG Input                - Registered new binding: ToggleFullscreen - F11
19:04:41.384 [FXGL Background Thread 1 ] DEBUG Input                - Registered new binding: MovePlayerDown - S
19:04:41.387 [FXGL Background Thread 1 ] DEBUG Input                - Registered new binding: MovePlayerUp - W
19:04:41.387 [FXGL Background Thread 1 ] DEBUG Input                - Registered new binding: MovePlayerRight - D
19:04:41.389 [FXGL Background Thread 1 ] DEBUG Input                - Registered new binding: MovePlayerLeft - A
19:04:41.414 [FXGL Background Thread 1 ] INFO  FXGLApplication      - Game initialization took: 0.206 sec
19:04:41.475 [JavaFX Application Thread] DEBUG Input                - Clearing active input actions
19:04:41.503 [JavaFX Application Thread] DEBUG GameApplicationServi - Removing overlay from FXGLLoadingScene and adding to GameScene
19:04:41.506 [JavaFX Application Thread] DEBUG PrimaryStageWindow   - FXGLLoadingScene -> GameScene
19:04:41.835 [FXGL Background Thread 4 ] DEBUG FXGLAssetLoaderServi - Loading from file system: jar:file:/C:/Users/rhone/.m2/repository/com/github/almasb/fxgl/11.14/fxgl-11.14.jar!/fxglassets/ui/fonts/Abel-Regular.ttf
19:04:41.880 [FXGL Background Thread 4 ] DEBUG FXGLAssetLoaderServi - Loading from file system: jar:file:/C:/Users/rhone/.m2/repository/com/github/almasb/fxgl/11.14/fxgl-11.14.jar!/fxglassets/ui/fonts/lucida_console.ttf
19:04:41.915 [FXGL Background Thread 4 ] DEBUG FXGLAssetLoaderServi - Loading from file system: jar:file:/C:/Users/rhone/.m2/repository/com/github/almasb/fxgl/11.14/fxgl-11.14.jar!/fxglassets/ui/fonts/Courier-Prime.ttf
19:04:41.953 [JavaFX Application Thread] DEBUG FXGLApplication      - Registering font factories with UI factory
19:04:43.999 [FXGL Background Thread 3 ] DEBUG Engine               - Logging environment variables
19:04:43.999 [FXGL Background Thread 3 ] DEBUG Engine               - achievements: []
19:04:43.999 [FXGL Background Thread 3 ] DEBUG Engine               - actualHeight: 600.0
19:04:44.000 [FXGL Background Thread 3 ] DEBUG Engine               - actualHeightProperty: ReadOnlyDoubleProperty [value: 600.0]
19:04:44.000 [FXGL Background Thread 3 ] DEBUG Engine               - actualWidth: 1200.0
19:04:44.000 [FXGL Background Thread 3 ] DEBUG Engine               - actualWidthProperty: ReadOnlyDoubleProperty [value: 1200.0]
19:04:44.000 [FXGL Background Thread 3 ] DEBUG Engine               - appIcon: armi.png
19:04:44.000 [FXGL Background Thread 3 ] DEBUG Engine               - applicationMode: DEVELOPER
19:04:44.000 [FXGL Background Thread 3 ] DEBUG Engine               - cSSList: [fxgl_dark.css]
19:04:44.000 [FXGL Background Thread 3 ] DEBUG Engine               - collisionDetectionStrategy: BRUTE_FORCE
19:04:44.000 [FXGL Background Thread 3 ] DEBUG Engine               - configClass: Optional.empty
19:04:44.000 [FXGL Background Thread 3 ] DEBUG Engine               - credits: [TKDKid1000, github.com/TKDKid1000]
19:04:44.000 [FXGL Background Thread 3 ] DEBUG Engine               - devBBoxColorProperty: ObjectProperty [value: 0xff0000ff]
19:04:44.000 [FXGL Background Thread 3 ] DEBUG Engine               - devEnableDebugCameraProperty: BooleanProperty [value: false]
19:04:44.001 [FXGL Background Thread 3 ] DEBUG Engine               - devSensorColorProperty: ObjectProperty [value: 0xffff00ff]
19:04:44.001 [FXGL Background Thread 3 ] DEBUG Engine               - devShowBBoxProperty: BooleanProperty [value: false]
19:04:44.001 [FXGL Background Thread 3 ] DEBUG Engine               - devShowPositionProperty: BooleanProperty [value: false]
19:04:44.001 [FXGL Background Thread 3 ] DEBUG Engine               - enabledMenuItems: []
19:04:44.001 [FXGL Background Thread 3 ] DEBUG Engine               - engineServices: [class com.almasb.fxgl.app.services.FXGLAssetLoaderService, class com.almasb.fxgl.app.FXGLApplication$GameApplicationService, class com.almasb.fxgl.app.services.FXGLDialogService, class com.almasb.fxgl.app.services.IOTaskExecutorService, class com.almasb.fxgl.event.EventBusService, class com.almasb.fxgl.io.FileSystemService, class com.almasb.fxgl.localization.LocalizationService, class com.almasb.fxgl.app.services.SystemBundleService, class com.almasb.fxgl.profile.SaveLoadService, class com.almasb.fxgl.ui.FXGLUIFactoryServiceProvider, class com.almasb.fxgl.ui.FXGLDialogFactoryServiceProvider, class com.almasb.fxgl.audio.AudioPlayer, class com.almasb.fxgl.notification.impl.NotificationServiceProvider, class com.almasb.fxgl.achievement.AchievementService, class com.almasb.fxgl.cutscene.CutsceneService, class com.almasb.fxgl.minigames.MiniGameService, class com.almasb.fxgl.net.NetService, class com.almasb.fxgl.app.services.UpdaterService, class com.almasb.fxgl.dev.DevService, class com.almasb.fxgl.dev.profiling.ProfilerService]
19:04:44.001 [FXGL Background Thread 3 ] DEBUG Engine               - fontGame: Abel-Regular.ttf
19:04:44.001 [FXGL Background Thread 3 ] DEBUG Engine               - fontMono: lucida_console.ttf
19:04:44.001 [FXGL Background Thread 3 ] DEBUG Engine               - fontText: Courier-Prime.ttf
19:04:44.001 [FXGL Background Thread 3 ] DEBUG Engine               - fontUI: VarelaRound-Regular.ttf
19:04:44.001 [FXGL Background Thread 3 ] DEBUG Engine               - fullScreen: BooleanProperty [value: false]
19:04:44.001 [FXGL Background Thread 3 ] DEBUG Engine               - gameDifficulty: MEDIUM
19:04:44.001 [FXGL Background Thread 3 ] DEBUG Engine               - gameDifficultyProperty: ObjectProperty [value: MEDIUM]
19:04:44.001 [FXGL Background Thread 3 ] DEBUG Engine               - globalMusicVolume: 0.5
19:04:44.001 [FXGL Background Thread 3 ] DEBUG Engine               - globalMusicVolumeProperty: DoubleProperty [value: 0.5]
19:04:44.001 [FXGL Background Thread 3 ] DEBUG Engine               - globalSoundVolume: 0.5
19:04:44.002 [FXGL Background Thread 3 ] DEBUG Engine               - globalSoundVolumeProperty: DoubleProperty [value: 0.5]
19:04:44.002 [FXGL Background Thread 3 ] DEBUG Engine               - height: 600
19:04:44.002 [FXGL Background Thread 3 ] DEBUG Engine               - isAndroid: false
19:04:44.002 [FXGL Background Thread 3 ] DEBUG Engine               - isBrowser: false
19:04:44.002 [FXGL Background Thread 3 ] DEBUG Engine               - isClickFeedbackEnabled: true
19:04:44.002 [FXGL Background Thread 3 ] DEBUG Engine               - isCloseConfirmation: true
19:04:44.002 [FXGL Background Thread 3 ] DEBUG Engine               - isDesktop: true
19:04:44.002 [FXGL Background Thread 3 ] DEBUG Engine               - isDeveloperMenuEnabled: false
19:04:44.002 [FXGL Background Thread 3 ] DEBUG Engine               - isEntityPreloadEnabled: true
19:04:44.002 [FXGL Background Thread 3 ] DEBUG Engine               - isExperimental3D: false
19:04:44.002 [FXGL Background Thread 3 ] DEBUG Engine               - isExperimentalNative: false
19:04:44.002 [FXGL Background Thread 3 ] DEBUG Engine               - isExperimentalTiledLargeMap: false
19:04:44.002 [FXGL Background Thread 3 ] DEBUG Engine               - isFileSystemWriteAllowed: true
19:04:44.003 [FXGL Background Thread 3 ] DEBUG Engine               - isFullScreenAllowed: true
19:04:44.003 [FXGL Background Thread 3 ] DEBUG Engine               - isFullScreenFromStart: false
19:04:44.003 [FXGL Background Thread 3 ] DEBUG Engine               - isGameMenuEnabled: true
19:04:44.003 [FXGL Background Thread 3 ] DEBUG Engine               - isIOS: false
19:04:44.003 [FXGL Background Thread 3 ] DEBUG Engine               - isIntroEnabled: false
19:04:44.003 [FXGL Background Thread 3 ] DEBUG Engine               - isLinux: false
19:04:44.003 [FXGL Background Thread 3 ] DEBUG Engine               - isMac: false
19:04:44.003 [FXGL Background Thread 3 ] DEBUG Engine               - isMainMenuEnabled: false
19:04:44.003 [FXGL Background Thread 3 ] DEBUG Engine               - isManualResizeEnabled: false
19:04:44.003 [FXGL Background Thread 3 ] DEBUG Engine               - isMobile: false
19:04:44.003 [FXGL Background Thread 3 ] DEBUG Engine               - isPreserveResizeRatio: false
19:04:44.003 [FXGL Background Thread 3 ] DEBUG Engine               - isProfilingEnabled: true
19:04:44.003 [FXGL Background Thread 3 ] DEBUG Engine               - isScaleAffectedOnResize: true
19:04:44.003 [FXGL Background Thread 3 ] DEBUG Engine               - isSingleStep: false
19:04:44.003 [FXGL Background Thread 3 ] DEBUG Engine               - isUserProfileEnabled: false
19:04:44.003 [FXGL Background Thread 3 ] DEBUG Engine               - isWindows: true
19:04:44.003 [FXGL Background Thread 3 ] DEBUG Engine               - language: ObjectProperty [value: ENGLISH]
19:04:44.003 [FXGL Background Thread 3 ] DEBUG Engine               - menuKey: ESCAPE
19:04:44.004 [FXGL Background Thread 3 ] DEBUG Engine               - notificationViewClass: class com.almasb.fxgl.notification.view.XboxNotificationView
19:04:44.004 [FXGL Background Thread 3 ] DEBUG Engine               - pixelsPerMeter: 50.0
19:04:44.004 [FXGL Background Thread 3 ] DEBUG Engine               - platform: WINDOWS
19:04:44.004 [FXGL Background Thread 3 ] DEBUG Engine               - prefHeightProperty: ReadOnlyDoubleProperty [value: 600.0]
19:04:44.004 [FXGL Background Thread 3 ] DEBUG Engine               - prefWidthProperty: ReadOnlyDoubleProperty [value: 1200.0]
19:04:44.004 [FXGL Background Thread 3 ] DEBUG Engine               - profileDir: profiles/
19:04:44.004 [FXGL Background Thread 3 ] DEBUG Engine               - profileName: StringProperty [value: DEFAULT]
19:04:44.004 [FXGL Background Thread 3 ] DEBUG Engine               - randomSeed: -1
19:04:44.004 [FXGL Background Thread 3 ] DEBUG Engine               - runtimeInfo: RuntimeInfo(platform=WINDOWS, version=11.14, build=01.03.2021 16.59)
19:04:44.004 [FXGL Background Thread 3 ] DEBUG Engine               - saveFileExt: sav
19:04:44.004 [FXGL Background Thread 3 ] DEBUG Engine               - scaledHeightProp$fxgl: DoubleProperty [bound, value: 600.0]
19:04:44.004 [FXGL Background Thread 3 ] DEBUG Engine               - scaledWidthProp$fxgl: DoubleProperty [bound, value: 1200.0]
19:04:44.004 [FXGL Background Thread 3 ] DEBUG Engine               - sceneFactory: net.tkdkid1000.platformer.App$1@cfaaa9a
19:04:44.004 [FXGL Background Thread 3 ] DEBUG Engine               - secondsIn24h: 60
19:04:44.004 [FXGL Background Thread 3 ] DEBUG Engine               - soundMenuBack: menu/back.wav
19:04:44.004 [FXGL Background Thread 3 ] DEBUG Engine               - soundMenuPress: menu/press.wav
19:04:44.005 [FXGL Background Thread 3 ] DEBUG Engine               - soundMenuSelect: menu/select.wav
19:04:44.005 [FXGL Background Thread 3 ] DEBUG Engine               - soundNotification: core/notification.wav
19:04:44.005 [FXGL Background Thread 3 ] DEBUG Engine               - stageStyle: DECORATED
19:04:44.005 [FXGL Background Thread 3 ] DEBUG Engine               - supportedLanguages: [ENGLISH, FRENCH, GERMAN, HUNGARIAN, RUSSIAN]
19:04:44.005 [FXGL Background Thread 3 ] DEBUG Engine               - ticksPerSecond: -1
19:04:44.005 [FXGL Background Thread 3 ] DEBUG Engine               - title: Platformer
19:04:44.005 [FXGL Background Thread 3 ] DEBUG Engine               - urlGithub: https://github.com/AlmasB/FXGL
19:04:44.005 [FXGL Background Thread 3 ] DEBUG Engine               - urlLeaderboard: http://fxgl-top.herokuapp.com/
19:04:44.005 [FXGL Background Thread 3 ] DEBUG Engine               - urlPOM: https://raw.githubusercontent.com/AlmasB/FXGL/release/README.md
19:04:44.005 [FXGL Background Thread 3 ] DEBUG Engine               - userAppClass: class net.tkdkid1000.platformer.App
19:04:44.005 [FXGL Background Thread 3 ] DEBUG Engine               - version: 0.0.1-DEV-SNAPSHOT
19:04:44.005 [FXGL Background Thread 3 ] DEBUG Engine               - versionCheckDays: 7
19:04:44.005 [FXGL Background Thread 3 ] DEBUG Engine               - width: 1200
19:04:44.006 [FXGL Background Thread 3 ] DEBUG Engine               - Logging services
19:04:44.006 [FXGL Background Thread 3 ] DEBUG Engine               - class com.almasb.fxgl.app.services.FXGLAssetLoaderService
19:04:44.006 [FXGL Background Thread 3 ] DEBUG Engine               - class com.almasb.fxgl.app.FXGLApplication$GameApplicationService
19:04:44.006 [FXGL Background Thread 3 ] DEBUG Engine               - class com.almasb.fxgl.app.services.FXGLDialogService
19:04:44.006 [FXGL Background Thread 3 ] DEBUG Engine               - class com.almasb.fxgl.app.services.IOTaskExecutorService
19:04:44.006 [FXGL Background Thread 3 ] DEBUG Engine               - class com.almasb.fxgl.event.EventBusService
19:04:44.006 [FXGL Background Thread 3 ] DEBUG Engine               - class com.almasb.fxgl.io.FileSystemService
19:04:44.006 [FXGL Background Thread 3 ] DEBUG Engine               - class com.almasb.fxgl.localization.LocalizationService
19:04:44.006 [FXGL Background Thread 3 ] DEBUG Engine               - class com.almasb.fxgl.app.services.SystemBundleService
19:04:44.006 [FXGL Background Thread 3 ] DEBUG Engine               - class com.almasb.fxgl.profile.SaveLoadService
19:04:44.006 [FXGL Background Thread 3 ] DEBUG Engine               - class com.almasb.fxgl.ui.FXGLUIFactoryServiceProvider
19:04:44.006 [FXGL Background Thread 3 ] DEBUG Engine               - class com.almasb.fxgl.ui.FXGLDialogFactoryServiceProvider
19:04:44.006 [FXGL Background Thread 3 ] DEBUG Engine               - class com.almasb.fxgl.audio.AudioPlayer
19:04:44.006 [FXGL Background Thread 3 ] DEBUG Engine               - class com.almasb.fxgl.notification.impl.NotificationServiceProvider
19:04:44.006 [FXGL Background Thread 3 ] DEBUG Engine               - class com.almasb.fxgl.achievement.AchievementService
19:04:44.006 [FXGL Background Thread 3 ] DEBUG Engine               - class com.almasb.fxgl.cutscene.CutsceneService
19:04:44.006 [FXGL Background Thread 3 ] DEBUG Engine               - class com.almasb.fxgl.minigames.MiniGameService
19:04:44.006 [FXGL Background Thread 3 ] DEBUG Engine               - class com.almasb.fxgl.net.NetService
19:04:44.006 [FXGL Background Thread 3 ] DEBUG Engine               - class com.almasb.fxgl.app.services.UpdaterService
19:04:44.007 [FXGL Background Thread 3 ] DEBUG Engine               - class com.almasb.fxgl.dev.DevService
19:04:44.007 [FXGL Background Thread 3 ] DEBUG Engine               - class com.almasb.fxgl.dev.profiling.ProfilerService
19:04:58.196 [JavaFX Application Thread] DEBUG LoopRunner           - Pausing loop
19:04:59.234 [JavaFX Application Thread] DEBUG LoopRunner           - Resuming loop
19:05:28.257 [JavaFX Application Thread] DEBUG EventBus             - Firing event: AchievementEvent[type=ACHIEVED, name=Out of the box, description=Leave the play area.]
19:05:33.520 [JavaFX Application Thread] DEBUG PrimaryStageWindow   - Push state: DialogSubScene
19:05:33.520 [JavaFX Application Thread] DEBUG Input                - Clearing active input actions
19:05:33.527 [JavaFX Application Thread] DEBUG GameApplicationServi - Removing overlay from GameScene and adding to DialogSubScene
19:05:33.528 [JavaFX Application Thread] DEBUG PrimaryStageWindow   - GameScene -> DialogSubScene
19:05:34.945 [JavaFX Application Thread] DEBUG PrimaryStageWindow   - Pop state: DialogSubScene
19:05:34.945 [JavaFX Application Thread] DEBUG Input                - Clearing active input actions
19:05:34.946 [JavaFX Application Thread] DEBUG GameApplicationServi - Removing overlay from DialogSubScene and adding to GameScene
19:05:34.947 [JavaFX Application Thread] DEBUG PrimaryStageWindow   - GameScene <- DialogSubScene
19:05:34.947 [JavaFX Application Thread] DEBUG FXGLApplication      - Exiting FXGL
19:05:34.947 [JavaFX Application Thread] DEBUG LoopRunner           - Stopping loop
19:05:34.947 [JavaFX Application Thread] DEBUG SystemBundleService  - Saving FXGL system data
19:05:34.949 [JavaFX Application Thread] DEBUG FileSystemAccess     - Writing to: C:\Users\rhone\eclipse-workspace\FXGLPlatformer\system\fxgl.bundle
19:05:34.951 [JavaFX Application Thread] INFO  ProfilerWindow       - Profiler (FPS) - 2893 frames
19:05:34.951 [JavaFX Application Thread] INFO  ProfilerWindow       - Average: 55.752506049084
19:05:34.951 [JavaFX Application Thread] INFO  ProfilerWindow       - Minimum: 33.0
19:05:34.951 [JavaFX Application Thread] INFO  ProfilerWindow       - Maximum: 60.0
19:05:34.951 [JavaFX Application Thread] INFO  ProfilerWindow       - Profiler (CPU (ms)) - 2893 frames
19:05:34.951 [JavaFX Application Thread] INFO  ProfilerWindow       - Average: 0.44157013480815893
19:05:34.951 [JavaFX Application Thread] INFO  ProfilerWindow       - Minimum: 0.0
19:05:34.951 [JavaFX Application Thread] INFO  ProfilerWindow       - Maximum: 37.5639
19:05:34.951 [JavaFX Application Thread] INFO  ProfilerWindow       - Profiler (RAM (MB)) - 2893 frames
19:05:34.951 [JavaFX Application Thread] INFO  ProfilerWindow       - Average: 51.632997071747134
19:05:34.952 [JavaFX Application Thread] INFO  ProfilerWindow       - Minimum: 14.921875
19:05:34.952 [JavaFX Application Thread] INFO  ProfilerWindow       - Maximum: 104.419921875
19:05:34.952 [JavaFX Application Thread] INFO  ProfilerService      - Estimated GC runs: 3
19:05:34.952 [JavaFX Application Thread] DEBUG Async                - Shutting down background threads
19:05:34.952 [JavaFX Application Thread] DEBUG PrimaryStageWindow   - Closing main window
19:05:34.966 [JavaFX Application Thread] DEBUG Logger               - Closing Logger
