14:13:02.106 [main                     ] DEBUG Logger               - Configured Logger
14:13:02.130 [main                     ] DEBUG GameApplication      - Logging settings
Title: Platformer
Version: 0.0.1-DEV-SNAPSHOT
Width: 1200
Height: 600
Fullscreen: true
Intro: false
Profiling: true
Single step:false
App Mode: DEVELOPER
Menu Key: ESCAPE
Stage Style: DECORATED
Scene Factory: class net.tkdkid1000.platformer.App$1

14:13:02.655 [JavaFX Application Thread] DEBUG FXGLApplication      - Initializing FXGL
14:13:02.658 [JavaFX Application Thread] INFO  Engine               - FXGL-11.14 (01.03.2021 16.59) on WINDOWS (J:11.0.10 FX:15)
14:13:02.660 [JavaFX Application Thread] DEBUG Engine               - JRE Vendor Name: Oracle Corporation
14:13:02.660 [JavaFX Application Thread] DEBUG Engine               - Running on OS: Windows 10 version 10.0
14:13:02.660 [JavaFX Application Thread] DEBUG Engine               - Architecture: amd64
14:13:02.660 [JavaFX Application Thread] INFO  Engine               - Source code and latest versions at: https://github.com/AlmasB/FXGL
14:13:02.660 [JavaFX Application Thread] INFO  Engine               -              Join the FXGL chat at: https://gitter.im/AlmasB/FXGL
14:13:02.863 [JavaFX Application Thread] DEBUG PrimaryStageWindow   - Creating a JavaFX scene
14:13:02.979 [JavaFX Application Thread] DEBUG PrimaryStageWindow   - Target settings size: 1200.0 x 600.0
14:13:02.979 [JavaFX Application Thread] DEBUG PrimaryStageWindow   - Scaled scene size:    1200.0 x 600.0
14:13:02.979 [JavaFX Application Thread] DEBUG PrimaryStageWindow   - Scaled ratio: (1.0, 1.0)
14:13:02.981 [JavaFX Application Thread] DEBUG PrimaryStageWindow   - Set initial scene to FXGLStartupScene
14:13:02.992 [JavaFX Application Thread] DEBUG PrimaryStageWindow   - Opening main window
14:13:03.108 [JavaFX Application Thread] DEBUG PrimaryStageWindow   - Window border size: (16.0, 39.0)
14:13:03.108 [JavaFX Application Thread] DEBUG PrimaryStageWindow   - Scaled size: 1200.0 x 600.0
14:13:03.108 [JavaFX Application Thread] DEBUG PrimaryStageWindow   - Scaled ratio: (1.0, 1.0)
14:13:03.108 [JavaFX Application Thread] DEBUG PrimaryStageWindow   - Scene size: 1200.0 x 600.0
14:13:03.109 [JavaFX Application Thread] DEBUG PrimaryStageWindow   - Stage size: 1216.0 x 639.0
14:13:03.124 [FXGL Background Thread 1 ] DEBUG Engine               - Initializing environment variables
14:13:03.218 [FXGL Background Thread 1 ] DEBUG FXGLAssetLoaderServi - User app class for loading assets: class net.tkdkid1000.platformer.App
14:13:03.219 [FXGL Background Thread 1 ] DEBUG GameApplicationServi - Applying CSS: fxgl_dark.css
14:13:03.220 [FXGL Background Thread 1 ] DEBUG FXGLAssetLoaderServi - Loading from file system: jar:file:/C:/Users/rhone/.m2/repository/com/github/almasb/fxgl/11.14/fxgl-11.14.jar!/fxglassets/ui/css/fxgl_dark.css
14:13:03.299 [FXGL Background Thread 1 ] DEBUG GameApplicationServi - Initializing application scenes
14:13:03.381 [FXGL Background Thread 1 ] DEBUG GameWorld            - Game world initialized
14:13:03.485 [FXGL Background Thread 1 ] DEBUG PhysicsWorld         - Physics world initialized: appHeight=600, physics.ppm=50.0
14:13:03.486 [FXGL Background Thread 1 ] DEBUG PhysicsWorld         - Using strategy: BRUTE_FORCE
14:13:03.489 [FXGL Background Thread 1 ] DEBUG GameScene            - Game scene initialized: 1200x600
14:13:03.532 [FXGL Background Thread 1 ] DEBUG GameApplicationServi - Application scenes initialized
14:13:03.546 [FXGL Background Thread 1 ] DEBUG SystemBundleService  - Loading FXGL system data
14:13:03.551 [FXGL Background Thread 1 ] DEBUG FileSystemAccess     - Reading from: C:\Users\rhone\eclipse-workspace\FXGLPlatformer\system\fxgl.bundle
14:13:03.556 [FXGL Background Thread 1 ] DEBUG SystemBundleService  - Bundle FXGL: {}
14:13:03.556 [FXGL Background Thread 1 ] DEBUG UpdaterService       - Checking for updates
14:13:03.584 [FXGL Background Thread 4 ] DEBUG FXGLApplication      - Loading fonts
14:13:03.584 [FXGL Background Thread 1 ] DEBUG FXGLApplication      - Loading default localization
14:13:03.586 [FXGL Background Thread 1 ] DEBUG FXGLAssetLoaderServi - Loading from file system: jar:file:/C:/Users/rhone/.m2/repository/com/github/almasb/fxgl/11.14/fxgl-11.14.jar!/fxglassets/languages/english.lang
14:13:03.586 [FXGL Background Thread 4 ] DEBUG FXGLAssetLoaderServi - Loading from file system: jar:file:/C:/Users/rhone/.m2/repository/com/github/almasb/fxgl/11.14/fxgl-11.14.jar!/fxglassets/ui/fonts/VarelaRound-Regular.ttf
14:13:03.634 [FXGL Background Thread 1 ] INFO  FXGLApplication      - FXGL initialization took: 0.509 sec
14:13:03.636 [JavaFX Application Thread] DEBUG FXGLAssetLoaderServi - Loading from file system: file:/C:/Users/rhone/eclipse-workspace/FXGLPlatformer/target/classes/assets/textures/armi.png
14:13:03.687 [JavaFX Application Thread] DEBUG FXGLAssetLoaderServi - Loading from file system: jar:file:/C:/Users/rhone/.m2/repository/com/github/almasb/fxgl/11.14/fxgl-11.14.jar!/fxglassets/ui/cursors/fxgl_default.png
14:13:03.719 [JavaFX Application Thread] DEBUG Input                - Registered new binding: Screenshot - P
14:13:03.720 [JavaFX Application Thread] DEBUG Input                - Registered new binding: System info dump - CTRL+9
14:13:03.721 [JavaFX Application Thread] DEBUG Input                - Registered new binding: Restart - CTRL+R
14:13:03.723 [JavaFX Application Thread] DEBUG Input                - Registered new binding: Toggle Debug Camera - CTRL+C
14:13:03.726 [JavaFX Application Thread] DEBUG LoopRunner           - Starting loop
14:13:03.727 [JavaFX Application Thread] DEBUG LoopRunner           - Initializing JavaFX AnimationTimerLoop
14:13:03.728 [JavaFX Application Thread] DEBUG GameApplicationServi - Starting new game
14:13:03.729 [JavaFX Application Thread] DEBUG Input                - Clearing active input actions
14:13:03.757 [JavaFX Application Thread] DEBUG GameApplicationServi - Removing overlay from FXGLStartupScene and adding to FXGLLoadingScene
14:13:03.760 [JavaFX Application Thread] DEBUG PrimaryStageWindow   - FXGLStartupScene -> FXGLLoadingScene
14:13:03.761 [JavaFX Application Thread] DEBUG GameApplicationServi - Clearing previous game
14:13:03.761 [JavaFX Application Thread] DEBUG GameScene            - Clearing game scene
14:13:03.761 [JavaFX Application Thread] DEBUG GameWorld            - Clearing game world
14:13:03.762 [JavaFX Application Thread] DEBUG PhysicsWorld         - Clearing physics world
14:13:03.767 [FXGL Background Thread 1 ] DEBUG FXGLApplication      - Initializing game
14:13:03.770 [FXGL Background Thread 1 ] DEBUG AchievementService   - Registered new achievement: Jumpman
14:13:03.770 [FXGL Background Thread 1 ] DEBUG AchievementService   - Registered new achievement: Out of the box
14:13:03.778 [FXGL Background Thread 1 ] DEBUG FXGLAssetLoaderServi - Loading from file system: file:/C:/Users/rhone/eclipse-workspace/FXGLPlatformer/target/classes/assets/textures/player.png
14:13:03.840 [FXGL Background Thread 1 ] WARN  FXGLAssetLoaderServi - Asset "/assets/music/bgm.mp3" was not found!
14:13:03.841 [FXGL Background Thread 1 ] WARN  FXGLAssetLoaderServi - Failed to load MUSIC
14:13:03.864 [FXGL Background Thread 1 ] DEBUG AudioPlayer          - Playing music com.almasb.fxgl.audio.Music@5082e507
14:13:03.892 [FXGL Background Thread 1 ] DEBUG Input                - Registered new binding: ClearBlock - C
14:13:03.893 [FXGL Background Thread 1 ] DEBUG Input                - Registered new binding: SpawnBlock - E
14:13:03.894 [FXGL Background Thread 1 ] DEBUG Input                - Registered new binding: Respawn - R
14:13:03.895 [FXGL Background Thread 1 ] DEBUG Input                - Registered new binding: ToggleFullscreen - F11
14:13:03.895 [FXGL Background Thread 1 ] DEBUG Input                - Registered new binding: MovePlayerDown - S
14:13:03.901 [FXGL Background Thread 1 ] DEBUG Input                - Registered new binding: MovePlayerUp - W
14:13:03.901 [FXGL Background Thread 1 ] DEBUG Input                - Registered new binding: MovePlayerRight - D
14:13:03.903 [FXGL Background Thread 1 ] DEBUG Input                - Registered new binding: MovePlayerLeft - A
14:13:03.918 [FXGL Background Thread 1 ] INFO  FXGLApplication      - Game initialization took: 0.151 sec
14:13:03.941 [JavaFX Application Thread] DEBUG Input                - Clearing active input actions
14:13:03.956 [JavaFX Application Thread] DEBUG GameApplicationServi - Removing overlay from FXGLLoadingScene and adding to GameScene
14:13:03.959 [JavaFX Application Thread] DEBUG PrimaryStageWindow   - FXGLLoadingScene -> GameScene
14:13:04.074 [FXGL Background Thread 4 ] DEBUG FXGLAssetLoaderServi - Loading from file system: jar:file:/C:/Users/rhone/.m2/repository/com/github/almasb/fxgl/11.14/fxgl-11.14.jar!/fxglassets/ui/fonts/Abel-Regular.ttf
14:13:04.091 [FXGL Background Thread 4 ] DEBUG FXGLAssetLoaderServi - Loading from file system: jar:file:/C:/Users/rhone/.m2/repository/com/github/almasb/fxgl/11.14/fxgl-11.14.jar!/fxglassets/ui/fonts/lucida_console.ttf
14:13:04.109 [FXGL Background Thread 4 ] DEBUG FXGLAssetLoaderServi - Loading from file system: jar:file:/C:/Users/rhone/.m2/repository/com/github/almasb/fxgl/11.14/fxgl-11.14.jar!/fxglassets/ui/fonts/Courier-Prime.ttf
14:13:04.223 [JavaFX Application Thread] DEBUG FXGLApplication      - Registering font factories with UI factory
14:13:05.883 [JavaFX Application Thread] DEBUG PrimaryStageWindow   - Push state: MainMenu
14:13:05.885 [JavaFX Application Thread] DEBUG Input                - Clearing active input actions
14:13:05.886 [JavaFX Application Thread] DEBUG GameApplicationServi - Removing overlay from GameScene and adding to MainMenu
14:13:05.887 [JavaFX Application Thread] DEBUG PrimaryStageWindow   - GameScene -> MainMenu
14:13:06.579 [FXGL Background Thread 3 ] DEBUG Engine               - Logging environment variables
14:13:06.581 [FXGL Background Thread 3 ] DEBUG Engine               - achievements: []
14:13:06.581 [FXGL Background Thread 3 ] DEBUG Engine               - actualHeight: 600.0
14:13:06.581 [FXGL Background Thread 3 ] DEBUG Engine               - actualHeightProperty: ReadOnlyDoubleProperty [value: 600.0]
14:13:06.581 [FXGL Background Thread 3 ] DEBUG Engine               - actualWidth: 1200.0
14:13:06.581 [FXGL Background Thread 3 ] DEBUG Engine               - actualWidthProperty: ReadOnlyDoubleProperty [value: 1200.0]
14:13:06.581 [FXGL Background Thread 3 ] DEBUG Engine               - appIcon: armi.png
14:13:06.581 [FXGL Background Thread 3 ] DEBUG Engine               - applicationMode: DEVELOPER
14:13:06.581 [FXGL Background Thread 3 ] DEBUG Engine               - cSSList: [fxgl_dark.css]
14:13:06.581 [FXGL Background Thread 3 ] DEBUG Engine               - collisionDetectionStrategy: BRUTE_FORCE
14:13:06.581 [FXGL Background Thread 3 ] DEBUG Engine               - configClass: Optional.empty
14:13:06.582 [FXGL Background Thread 3 ] DEBUG Engine               - credits: [TKDKid1000, github.com/TKDKid1000]
14:13:06.582 [FXGL Background Thread 3 ] DEBUG Engine               - devBBoxColorProperty: ObjectProperty [value: 0xff0000ff]
14:13:06.582 [FXGL Background Thread 3 ] DEBUG Engine               - devEnableDebugCameraProperty: BooleanProperty [value: false]
14:13:06.582 [FXGL Background Thread 3 ] DEBUG Engine               - devSensorColorProperty: ObjectProperty [value: 0xffff00ff]
14:13:06.582 [FXGL Background Thread 3 ] DEBUG Engine               - devShowBBoxProperty: BooleanProperty [value: false]
14:13:06.582 [FXGL Background Thread 3 ] DEBUG Engine               - devShowPositionProperty: BooleanProperty [value: false]
14:13:06.582 [FXGL Background Thread 3 ] DEBUG Engine               - enabledMenuItems: []
14:13:06.582 [FXGL Background Thread 3 ] DEBUG Engine               - engineServices: [class com.almasb.fxgl.app.services.FXGLAssetLoaderService, class com.almasb.fxgl.app.FXGLApplication$GameApplicationService, class com.almasb.fxgl.app.services.FXGLDialogService, class com.almasb.fxgl.app.services.IOTaskExecutorService, class com.almasb.fxgl.event.EventBusService, class com.almasb.fxgl.io.FileSystemService, class com.almasb.fxgl.localization.LocalizationService, class com.almasb.fxgl.app.services.SystemBundleService, class com.almasb.fxgl.profile.SaveLoadService, class com.almasb.fxgl.ui.FXGLUIFactoryServiceProvider, class com.almasb.fxgl.ui.FXGLDialogFactoryServiceProvider, class com.almasb.fxgl.audio.AudioPlayer, class com.almasb.fxgl.notification.impl.NotificationServiceProvider, class com.almasb.fxgl.achievement.AchievementService, class com.almasb.fxgl.cutscene.CutsceneService, class com.almasb.fxgl.minigames.MiniGameService, class com.almasb.fxgl.net.NetService, class com.almasb.fxgl.app.services.UpdaterService, class com.almasb.fxgl.dev.DevService, class com.almasb.fxgl.dev.profiling.ProfilerService]
14:13:06.582 [FXGL Background Thread 3 ] DEBUG Engine               - fontGame: Abel-Regular.ttf
14:13:06.582 [FXGL Background Thread 3 ] DEBUG Engine               - fontMono: lucida_console.ttf
14:13:06.582 [FXGL Background Thread 3 ] DEBUG Engine               - fontText: Courier-Prime.ttf
14:13:06.582 [FXGL Background Thread 3 ] DEBUG Engine               - fontUI: VarelaRound-Regular.ttf
14:13:06.583 [FXGL Background Thread 3 ] DEBUG Engine               - fullScreen: BooleanProperty [value: false]
14:13:06.583 [FXGL Background Thread 3 ] DEBUG Engine               - gameDifficulty: MEDIUM
14:13:06.583 [FXGL Background Thread 3 ] DEBUG Engine               - gameDifficultyProperty: ObjectProperty [value: MEDIUM]
14:13:06.583 [FXGL Background Thread 3 ] DEBUG Engine               - globalMusicVolume: 0.5
14:13:06.583 [FXGL Background Thread 3 ] DEBUG Engine               - globalMusicVolumeProperty: DoubleProperty [value: 0.5]
14:13:06.583 [FXGL Background Thread 3 ] DEBUG Engine               - globalSoundVolume: 0.5
14:13:06.583 [FXGL Background Thread 3 ] DEBUG Engine               - globalSoundVolumeProperty: DoubleProperty [value: 0.5]
14:13:06.583 [FXGL Background Thread 3 ] DEBUG Engine               - height: 600
14:13:06.583 [FXGL Background Thread 3 ] DEBUG Engine               - isAndroid: false
14:13:06.583 [FXGL Background Thread 3 ] DEBUG Engine               - isBrowser: false
14:13:06.583 [FXGL Background Thread 3 ] DEBUG Engine               - isClickFeedbackEnabled: true
14:13:06.583 [FXGL Background Thread 3 ] DEBUG Engine               - isCloseConfirmation: true
14:13:06.583 [FXGL Background Thread 3 ] DEBUG Engine               - isDesktop: true
14:13:06.583 [FXGL Background Thread 3 ] DEBUG Engine               - isDeveloperMenuEnabled: false
14:13:06.583 [FXGL Background Thread 3 ] DEBUG Engine               - isEntityPreloadEnabled: true
14:13:06.583 [FXGL Background Thread 3 ] DEBUG Engine               - isExperimental3D: false
14:13:06.583 [FXGL Background Thread 3 ] DEBUG Engine               - isExperimentalNative: false
14:13:06.583 [FXGL Background Thread 3 ] DEBUG Engine               - isExperimentalTiledLargeMap: false
14:13:06.583 [FXGL Background Thread 3 ] DEBUG Engine               - isFileSystemWriteAllowed: true
14:13:06.583 [FXGL Background Thread 3 ] DEBUG Engine               - isFullScreenAllowed: true
14:13:06.583 [FXGL Background Thread 3 ] DEBUG Engine               - isFullScreenFromStart: false
14:13:06.583 [FXGL Background Thread 3 ] DEBUG Engine               - isGameMenuEnabled: true
14:13:06.584 [FXGL Background Thread 3 ] DEBUG Engine               - isIOS: false
14:13:06.584 [FXGL Background Thread 3 ] DEBUG Engine               - isIntroEnabled: false
14:13:06.584 [FXGL Background Thread 3 ] DEBUG Engine               - isLinux: false
14:13:06.584 [FXGL Background Thread 3 ] DEBUG Engine               - isMac: false
14:13:06.584 [FXGL Background Thread 3 ] DEBUG Engine               - isMainMenuEnabled: false
14:13:06.584 [FXGL Background Thread 3 ] DEBUG Engine               - isManualResizeEnabled: false
14:13:06.584 [FXGL Background Thread 3 ] DEBUG Engine               - isMobile: false
14:13:06.584 [FXGL Background Thread 3 ] DEBUG Engine               - isPreserveResizeRatio: false
14:13:06.584 [FXGL Background Thread 3 ] DEBUG Engine               - isProfilingEnabled: true
14:13:06.584 [FXGL Background Thread 3 ] DEBUG Engine               - isScaleAffectedOnResize: true
14:13:06.584 [FXGL Background Thread 3 ] DEBUG Engine               - isSingleStep: false
14:13:06.584 [FXGL Background Thread 3 ] DEBUG Engine               - isUserProfileEnabled: false
14:13:06.584 [FXGL Background Thread 3 ] DEBUG Engine               - isWindows: true
14:13:06.584 [FXGL Background Thread 3 ] DEBUG Engine               - language: ObjectProperty [value: ENGLISH]
14:13:06.584 [FXGL Background Thread 3 ] DEBUG Engine               - menuKey: ESCAPE
14:13:06.584 [FXGL Background Thread 3 ] DEBUG Engine               - notificationViewClass: class com.almasb.fxgl.notification.view.XboxNotificationView
14:13:06.584 [FXGL Background Thread 3 ] DEBUG Engine               - pixelsPerMeter: 50.0
14:13:06.584 [FXGL Background Thread 3 ] DEBUG Engine               - platform: WINDOWS
14:13:06.584 [FXGL Background Thread 3 ] DEBUG Engine               - prefHeightProperty: ReadOnlyDoubleProperty [value: 600.0]
14:13:06.584 [FXGL Background Thread 3 ] DEBUG Engine               - prefWidthProperty: ReadOnlyDoubleProperty [value: 1200.0]
14:13:06.584 [FXGL Background Thread 3 ] DEBUG Engine               - profileDir: profiles/
14:13:06.584 [FXGL Background Thread 3 ] DEBUG Engine               - profileName: StringProperty [value: DEFAULT]
14:13:06.584 [FXGL Background Thread 3 ] DEBUG Engine               - randomSeed: -1
14:13:06.584 [FXGL Background Thread 3 ] DEBUG Engine               - runtimeInfo: RuntimeInfo(platform=WINDOWS, version=11.14, build=01.03.2021 16.59)
14:13:06.585 [FXGL Background Thread 3 ] DEBUG Engine               - saveFileExt: sav
14:13:06.585 [FXGL Background Thread 3 ] DEBUG Engine               - scaledHeightProp$fxgl: DoubleProperty [bound, value: 600.0]
14:13:06.585 [FXGL Background Thread 3 ] DEBUG Engine               - scaledWidthProp$fxgl: DoubleProperty [bound, value: 1200.0]
14:13:06.585 [FXGL Background Thread 3 ] DEBUG Engine               - sceneFactory: net.tkdkid1000.platformer.App$1@178fef86
14:13:06.585 [FXGL Background Thread 3 ] DEBUG Engine               - secondsIn24h: 60
14:13:06.585 [FXGL Background Thread 3 ] DEBUG Engine               - soundMenuBack: menu/back.wav
14:13:06.585 [FXGL Background Thread 3 ] DEBUG Engine               - soundMenuPress: menu/press.wav
14:13:06.585 [FXGL Background Thread 3 ] DEBUG Engine               - soundMenuSelect: menu/select.wav
14:13:06.585 [FXGL Background Thread 3 ] DEBUG Engine               - soundNotification: core/notification.wav
14:13:06.585 [FXGL Background Thread 3 ] DEBUG Engine               - stageStyle: DECORATED
14:13:06.585 [FXGL Background Thread 3 ] DEBUG Engine               - supportedLanguages: [ENGLISH, FRENCH, GERMAN, HUNGARIAN, RUSSIAN]
14:13:06.585 [FXGL Background Thread 3 ] DEBUG Engine               - ticksPerSecond: -1
14:13:06.585 [FXGL Background Thread 3 ] DEBUG Engine               - title: Platformer
14:13:06.585 [FXGL Background Thread 3 ] DEBUG Engine               - urlGithub: https://github.com/AlmasB/FXGL
14:13:06.585 [FXGL Background Thread 3 ] DEBUG Engine               - urlLeaderboard: http://fxgl-top.herokuapp.com/
14:13:06.585 [FXGL Background Thread 3 ] DEBUG Engine               - urlPOM: https://raw.githubusercontent.com/AlmasB/FXGL/release/README.md
14:13:06.585 [FXGL Background Thread 3 ] DEBUG Engine               - userAppClass: class net.tkdkid1000.platformer.App
14:13:06.585 [FXGL Background Thread 3 ] DEBUG Engine               - version: 0.0.1-DEV-SNAPSHOT
14:13:06.585 [FXGL Background Thread 3 ] DEBUG Engine               - versionCheckDays: 7
14:13:06.585 [FXGL Background Thread 3 ] DEBUG Engine               - width: 1200
14:13:06.585 [FXGL Background Thread 3 ] DEBUG Engine               - Logging services
14:13:06.586 [FXGL Background Thread 3 ] DEBUG Engine               - class com.almasb.fxgl.app.services.FXGLAssetLoaderService
14:13:06.586 [FXGL Background Thread 3 ] DEBUG Engine               - class com.almasb.fxgl.app.FXGLApplication$GameApplicationService
14:13:06.586 [FXGL Background Thread 3 ] DEBUG Engine               - class com.almasb.fxgl.app.services.FXGLDialogService
14:13:06.586 [FXGL Background Thread 3 ] DEBUG Engine               - class com.almasb.fxgl.app.services.IOTaskExecutorService
14:13:06.586 [FXGL Background Thread 3 ] DEBUG Engine               - class com.almasb.fxgl.event.EventBusService
14:13:06.586 [FXGL Background Thread 3 ] DEBUG Engine               - class com.almasb.fxgl.io.FileSystemService
14:13:06.586 [FXGL Background Thread 3 ] DEBUG Engine               - class com.almasb.fxgl.localization.LocalizationService
14:13:06.586 [FXGL Background Thread 3 ] DEBUG Engine               - class com.almasb.fxgl.app.services.SystemBundleService
14:13:06.586 [FXGL Background Thread 3 ] DEBUG Engine               - class com.almasb.fxgl.profile.SaveLoadService
14:13:06.586 [FXGL Background Thread 3 ] DEBUG Engine               - class com.almasb.fxgl.ui.FXGLUIFactoryServiceProvider
14:13:06.586 [FXGL Background Thread 3 ] DEBUG Engine               - class com.almasb.fxgl.ui.FXGLDialogFactoryServiceProvider
14:13:06.586 [FXGL Background Thread 3 ] DEBUG Engine               - class com.almasb.fxgl.audio.AudioPlayer
14:13:06.586 [FXGL Background Thread 3 ] DEBUG Engine               - class com.almasb.fxgl.notification.impl.NotificationServiceProvider
14:13:06.586 [FXGL Background Thread 3 ] DEBUG Engine               - class com.almasb.fxgl.achievement.AchievementService
14:13:06.586 [FXGL Background Thread 3 ] DEBUG Engine               - class com.almasb.fxgl.cutscene.CutsceneService
14:13:06.586 [FXGL Background Thread 3 ] DEBUG Engine               - class com.almasb.fxgl.minigames.MiniGameService
14:13:06.586 [FXGL Background Thread 3 ] DEBUG Engine               - class com.almasb.fxgl.net.NetService
14:13:06.586 [FXGL Background Thread 3 ] DEBUG Engine               - class com.almasb.fxgl.app.services.UpdaterService
14:13:06.586 [FXGL Background Thread 3 ] DEBUG Engine               - class com.almasb.fxgl.dev.DevService
14:13:06.586 [FXGL Background Thread 3 ] DEBUG Engine               - class com.almasb.fxgl.dev.profiling.ProfilerService
14:13:06.668 [JavaFX Application Thread] DEBUG Menu                 - fireResume()
14:13:06.668 [JavaFX Application Thread] DEBUG PrimaryStageWindow   - Pop state: MainMenu
14:13:06.668 [JavaFX Application Thread] DEBUG Input                - Clearing active input actions
14:13:06.669 [JavaFX Application Thread] DEBUG GameApplicationServi - Removing overlay from MainMenu and adding to GameScene
14:13:06.669 [JavaFX Application Thread] DEBUG PrimaryStageWindow   - GameScene <- MainMenu
14:13:06.670 [JavaFX Application Thread] DEBUG FXGLAssetLoaderServi - Loading from file system: file:/C:/Users/rhone/eclipse-workspace/FXGLPlatformer/target/classes/assets/music/menu_click.mp3
14:13:06.803 [JavaFX Application Thread] DEBUG AudioPlayer          - Playing music com.almasb.fxgl.audio.Music@3809291e
14:13:07.463 [JavaFX Application Thread] DEBUG PrimaryStageWindow   - Push state: MainMenu
14:13:07.466 [JavaFX Application Thread] DEBUG Input                - Clearing active input actions
14:13:07.467 [JavaFX Application Thread] DEBUG GameApplicationServi - Removing overlay from GameScene and adding to MainMenu
14:13:07.468 [JavaFX Application Thread] DEBUG PrimaryStageWindow   - GameScene -> MainMenu
14:13:07.884 [JavaFX Application Thread] DEBUG Menu                 - fireResume()
14:13:07.884 [JavaFX Application Thread] DEBUG PrimaryStageWindow   - Pop state: MainMenu
14:13:07.884 [JavaFX Application Thread] DEBUG Input                - Clearing active input actions
14:13:07.885 [JavaFX Application Thread] DEBUG GameApplicationServi - Removing overlay from MainMenu and adding to GameScene
14:13:07.886 [JavaFX Application Thread] DEBUG PrimaryStageWindow   - GameScene <- MainMenu
14:13:07.886 [JavaFX Application Thread] DEBUG AudioPlayer          - Playing music com.almasb.fxgl.audio.Music@3809291e
14:13:08.578 [JavaFX Application Thread] DEBUG PrimaryStageWindow   - Push state: MainMenu
14:13:08.583 [JavaFX Application Thread] DEBUG Input                - Clearing active input actions
14:13:08.584 [JavaFX Application Thread] DEBUG GameApplicationServi - Removing overlay from GameScene and adding to MainMenu
14:13:08.586 [JavaFX Application Thread] DEBUG PrimaryStageWindow   - GameScene -> MainMenu
14:13:09.590 [JavaFX Application Thread] DEBUG AudioPlayer          - Playing music com.almasb.fxgl.audio.Music@3809291e
14:13:11.915 [JavaFX Application Thread] DEBUG PrimaryStageWindow   - Push state: DialogSubScene
14:13:11.915 [JavaFX Application Thread] DEBUG Input                - Clearing active input actions
14:13:11.922 [JavaFX Application Thread] DEBUG GameApplicationServi - Removing overlay from MainMenu and adding to DialogSubScene
14:13:11.924 [JavaFX Application Thread] DEBUG PrimaryStageWindow   - MainMenu -> DialogSubScene
14:13:13.093 [JavaFX Application Thread] DEBUG PrimaryStageWindow   - Pop state: DialogSubScene
14:13:13.093 [JavaFX Application Thread] DEBUG Input                - Clearing active input actions
14:13:13.093 [JavaFX Application Thread] DEBUG GameApplicationServi - Removing overlay from DialogSubScene and adding to MainMenu
14:13:13.094 [JavaFX Application Thread] DEBUG PrimaryStageWindow   - MainMenu <- DialogSubScene
14:13:13.094 [JavaFX Application Thread] DEBUG FXGLApplication      - Exiting FXGL
14:13:13.094 [JavaFX Application Thread] DEBUG LoopRunner           - Stopping loop
14:13:13.094 [JavaFX Application Thread] DEBUG SystemBundleService  - Saving FXGL system data
14:13:13.096 [JavaFX Application Thread] DEBUG FileSystemAccess     - Writing to: C:\Users\rhone\eclipse-workspace\FXGLPlatformer\system\fxgl.bundle
14:13:13.098 [JavaFX Application Thread] INFO  ProfilerWindow       - Profiler (FPS) - 503 frames
14:13:13.098 [JavaFX Application Thread] INFO  ProfilerWindow       - Average: 56.00397614314115
14:13:13.098 [JavaFX Application Thread] INFO  ProfilerWindow       - Minimum: 48.0
14:13:13.098 [JavaFX Application Thread] INFO  ProfilerWindow       - Maximum: 60.0
14:13:13.098 [JavaFX Application Thread] INFO  ProfilerWindow       - Profiler (CPU (ms)) - 503 frames
14:13:13.099 [JavaFX Application Thread] INFO  ProfilerWindow       - Average: 0.526653479125248
14:13:13.099 [JavaFX Application Thread] INFO  ProfilerWindow       - Minimum: 0.0
14:13:13.099 [JavaFX Application Thread] INFO  ProfilerWindow       - Maximum: 27.3108
14:13:13.099 [JavaFX Application Thread] INFO  ProfilerWindow       - Profiler (RAM (MB)) - 503 frames
14:13:13.099 [JavaFX Application Thread] INFO  ProfilerWindow       - Average: 31.560506953396807
14:13:13.099 [JavaFX Application Thread] INFO  ProfilerWindow       - Minimum: 14.44091796875
14:13:13.099 [JavaFX Application Thread] INFO  ProfilerWindow       - Maximum: 50.060569763183594
14:13:13.100 [JavaFX Application Thread] INFO  ProfilerService      - Estimated GC runs: 2
14:13:13.100 [JavaFX Application Thread] DEBUG Async                - Shutting down background threads
14:13:13.101 [JavaFX Application Thread] DEBUG PrimaryStageWindow   - Closing main window
14:13:13.134 [JavaFX Application Thread] DEBUG Logger               - Closing Logger
