19:07:15.010 [main                     ] DEBUG Logger               - Configured Logger
19:07:15.068 [main                     ] DEBUG GameApplication      - Logging settings
Title: Platformer
Version: 0.0.1-DEV-SNAPSHOT
Width: 1200
Height: 600
Fullscreen: true
Intro: false
Profiling: true
Single step:false
App Mode: DEVELOPER
Menu Key: ESCAPE
Stage Style: DECORATED
Scene Factory: class net.tkdkid1000.platformer.App$1

19:07:16.211 [JavaFX Application Thread] DEBUG FXGLApplication      - Initializing FXGL
19:07:16.215 [JavaFX Application Thread] INFO  Engine               - FXGL-11.14 (01.03.2021 16.59) on WINDOWS (J:11.0.10 FX:15)
19:07:16.216 [JavaFX Application Thread] DEBUG Engine               - JRE Vendor Name: Oracle Corporation
19:07:16.216 [JavaFX Application Thread] DEBUG Engine               - Running on OS: Windows 10 version 10.0
19:07:16.217 [JavaFX Application Thread] DEBUG Engine               - Architecture: amd64
19:07:16.217 [JavaFX Application Thread] INFO  Engine               - Source code and latest versions at: https://github.com/AlmasB/FXGL
19:07:16.217 [JavaFX Application Thread] INFO  Engine               -              Join the FXGL chat at: https://gitter.im/AlmasB/FXGL
19:07:16.531 [JavaFX Application Thread] DEBUG PrimaryStageWindow   - Creating a JavaFX scene
19:07:16.703 [JavaFX Application Thread] DEBUG PrimaryStageWindow   - Target settings size: 1200.0 x 600.0
19:07:16.703 [JavaFX Application Thread] DEBUG PrimaryStageWindow   - Scaled scene size:    1200.0 x 600.0
19:07:16.703 [JavaFX Application Thread] DEBUG PrimaryStageWindow   - Scaled ratio: (1.0, 1.0)
19:07:16.705 [JavaFX Application Thread] DEBUG PrimaryStageWindow   - Set initial scene to FXGLStartupScene
19:07:16.738 [JavaFX Application Thread] DEBUG PrimaryStageWindow   - Opening main window
19:07:16.928 [JavaFX Application Thread] DEBUG PrimaryStageWindow   - Window border size: (16.0, 39.0)
19:07:16.928 [JavaFX Application Thread] DEBUG PrimaryStageWindow   - Scaled size: 1200.0 x 600.0
19:07:16.929 [JavaFX Application Thread] DEBUG PrimaryStageWindow   - Scaled ratio: (1.0, 1.0)
19:07:16.929 [JavaFX Application Thread] DEBUG PrimaryStageWindow   - Scene size: 1200.0 x 600.0
19:07:16.929 [JavaFX Application Thread] DEBUG PrimaryStageWindow   - Stage size: 1216.0 x 639.0
19:07:16.954 [FXGL Background Thread 1 ] DEBUG Engine               - Initializing environment variables
19:07:17.067 [FXGL Background Thread 1 ] DEBUG FXGLAssetLoaderServi - User app class for loading assets: class net.tkdkid1000.platformer.App
19:07:17.067 [FXGL Background Thread 1 ] DEBUG GameApplicationServi - Applying CSS: fxgl_dark.css
19:07:17.070 [FXGL Background Thread 1 ] DEBUG FXGLAssetLoaderServi - Loading from file system: jar:file:/C:/Users/rhone/.m2/repository/com/github/almasb/fxgl/11.14/fxgl-11.14.jar!/fxglassets/ui/css/fxgl_dark.css
19:07:17.182 [FXGL Background Thread 1 ] DEBUG GameApplicationServi - Initializing application scenes
19:07:17.325 [FXGL Background Thread 1 ] DEBUG GameWorld            - Game world initialized
19:07:17.436 [FXGL Background Thread 1 ] DEBUG PhysicsWorld         - Physics world initialized: appHeight=600, physics.ppm=50.0
19:07:17.438 [FXGL Background Thread 1 ] DEBUG PhysicsWorld         - Using strategy: BRUTE_FORCE
19:07:17.446 [FXGL Background Thread 1 ] DEBUG GameScene            - Game scene initialized: 1200x600
19:07:17.514 [FXGL Background Thread 1 ] DEBUG GameApplicationServi - Application scenes initialized
19:07:17.536 [FXGL Background Thread 1 ] DEBUG SystemBundleService  - Loading FXGL system data
19:07:17.542 [FXGL Background Thread 1 ] DEBUG FileSystemAccess     - Reading from: C:\Users\rhone\eclipse-workspace\FXGLPlatformer\system\fxgl.bundle
19:07:17.552 [FXGL Background Thread 1 ] DEBUG SystemBundleService  - Bundle FXGL: {}
19:07:17.552 [FXGL Background Thread 1 ] DEBUG UpdaterService       - Checking for updates
19:07:17.576 [FXGL Background Thread 4 ] DEBUG FXGLApplication      - Loading fonts
19:07:17.577 [FXGL Background Thread 1 ] DEBUG FXGLApplication      - Loading default localization
19:07:17.577 [FXGL Background Thread 4 ] DEBUG FXGLAssetLoaderServi - Loading from file system: jar:file:/C:/Users/rhone/.m2/repository/com/github/almasb/fxgl/11.14/fxgl-11.14.jar!/fxglassets/ui/fonts/VarelaRound-Regular.ttf
19:07:17.578 [FXGL Background Thread 1 ] DEBUG FXGLAssetLoaderServi - Loading from file system: jar:file:/C:/Users/rhone/.m2/repository/com/github/almasb/fxgl/11.14/fxgl-11.14.jar!/fxglassets/languages/english.lang
19:07:17.634 [FXGL Background Thread 1 ] INFO  FXGLApplication      - FXGL initialization took: 0.679 sec
19:07:17.636 [JavaFX Application Thread] DEBUG FXGLAssetLoaderServi - Loading from file system: file:/C:/Users/rhone/eclipse-workspace/FXGLPlatformer/target/classes/assets/textures/armi.png
19:07:17.701 [JavaFX Application Thread] DEBUG FXGLAssetLoaderServi - Loading from file system: jar:file:/C:/Users/rhone/.m2/repository/com/github/almasb/fxgl/11.14/fxgl-11.14.jar!/fxglassets/ui/cursors/fxgl_default.png
19:07:17.735 [JavaFX Application Thread] DEBUG Input                - Registered new binding: Screenshot - P
19:07:17.736 [JavaFX Application Thread] DEBUG Input                - Registered new binding: System info dump - CTRL+9
19:07:17.737 [JavaFX Application Thread] DEBUG Input                - Registered new binding: Restart - CTRL+R
19:07:17.739 [JavaFX Application Thread] DEBUG Input                - Registered new binding: Toggle Debug Camera - CTRL+C
19:07:17.747 [JavaFX Application Thread] DEBUG LoopRunner           - Starting loop
19:07:17.748 [JavaFX Application Thread] DEBUG LoopRunner           - Initializing JavaFX AnimationTimerLoop
19:07:17.753 [JavaFX Application Thread] DEBUG GameApplicationServi - Starting new game
19:07:17.754 [JavaFX Application Thread] DEBUG Input                - Clearing active input actions
19:07:17.792 [JavaFX Application Thread] DEBUG GameApplicationServi - Removing overlay from FXGLStartupScene and adding to FXGLLoadingScene
19:07:17.795 [JavaFX Application Thread] DEBUG PrimaryStageWindow   - FXGLStartupScene -> FXGLLoadingScene
19:07:17.795 [JavaFX Application Thread] DEBUG GameApplicationServi - Clearing previous game
19:07:17.795 [JavaFX Application Thread] DEBUG GameScene            - Clearing game scene
19:07:17.796 [JavaFX Application Thread] DEBUG GameWorld            - Clearing game world
19:07:17.796 [JavaFX Application Thread] DEBUG PhysicsWorld         - Clearing physics world
19:07:17.799 [FXGL Background Thread 1 ] DEBUG FXGLApplication      - Initializing game
19:07:17.804 [FXGL Background Thread 1 ] DEBUG AchievementService   - Registered new achievement: Jumpman
19:07:17.804 [FXGL Background Thread 1 ] DEBUG AchievementService   - Registered new achievement: Out of the box
19:07:17.817 [FXGL Background Thread 1 ] DEBUG FXGLAssetLoaderServi - Loading from file system: file:/C:/Users/rhone/eclipse-workspace/FXGLPlatformer/target/classes/assets/textures/player.png
19:07:17.888 [FXGL Background Thread 1 ] WARN  FXGLAssetLoaderServi - Asset "/assets/music/bgm.mp3" was not found!
19:07:17.889 [FXGL Background Thread 1 ] WARN  FXGLAssetLoaderServi - Failed to load MUSIC
19:07:17.893 [FXGL Background Thread 1 ] DEBUG AudioPlayer          - Playing music com.almasb.fxgl.audio.Music@372616a8
19:07:17.909 [FXGL Background Thread 1 ] DEBUG Input                - Registered new binding: ClearBlock - C
19:07:17.909 [FXGL Background Thread 1 ] DEBUG Input                - Registered new binding: SpawnBlock - E
19:07:17.910 [FXGL Background Thread 1 ] DEBUG Input                - Registered new binding: Respawn - R
19:07:17.910 [FXGL Background Thread 1 ] DEBUG Input                - Registered new binding: ToggleFullscreen - F11
19:07:17.910 [FXGL Background Thread 1 ] DEBUG Input                - Registered new binding: MovePlayerDown - S
19:07:17.915 [FXGL Background Thread 1 ] DEBUG Input                - Registered new binding: MovePlayerUp - W
19:07:17.915 [FXGL Background Thread 1 ] DEBUG Input                - Registered new binding: MovePlayerRight - D
19:07:17.916 [FXGL Background Thread 1 ] DEBUG Input                - Registered new binding: MovePlayerLeft - A
19:07:17.932 [FXGL Background Thread 1 ] INFO  FXGLApplication      - Game initialization took: 0.133 sec
19:07:17.974 [JavaFX Application Thread] DEBUG Input                - Clearing active input actions
19:07:18.014 [JavaFX Application Thread] DEBUG GameApplicationServi - Removing overlay from FXGLLoadingScene and adding to GameScene
19:07:18.016 [JavaFX Application Thread] DEBUG PrimaryStageWindow   - FXGLLoadingScene -> GameScene
19:07:18.272 [FXGL Background Thread 4 ] DEBUG FXGLAssetLoaderServi - Loading from file system: jar:file:/C:/Users/rhone/.m2/repository/com/github/almasb/fxgl/11.14/fxgl-11.14.jar!/fxglassets/ui/fonts/Abel-Regular.ttf
19:07:18.295 [FXGL Background Thread 4 ] DEBUG FXGLAssetLoaderServi - Loading from file system: jar:file:/C:/Users/rhone/.m2/repository/com/github/almasb/fxgl/11.14/fxgl-11.14.jar!/fxglassets/ui/fonts/lucida_console.ttf
19:07:18.337 [FXGL Background Thread 4 ] DEBUG FXGLAssetLoaderServi - Loading from file system: jar:file:/C:/Users/rhone/.m2/repository/com/github/almasb/fxgl/11.14/fxgl-11.14.jar!/fxglassets/ui/fonts/Courier-Prime.ttf
19:07:18.392 [JavaFX Application Thread] DEBUG FXGLApplication      - Registering font factories with UI factory
19:07:20.573 [FXGL Background Thread 3 ] DEBUG Engine               - Logging environment variables
19:07:20.574 [FXGL Background Thread 3 ] DEBUG Engine               - achievements: []
19:07:20.574 [FXGL Background Thread 3 ] DEBUG Engine               - actualHeight: 600.0
19:07:20.574 [FXGL Background Thread 3 ] DEBUG Engine               - actualHeightProperty: ReadOnlyDoubleProperty [value: 600.0]
19:07:20.574 [FXGL Background Thread 3 ] DEBUG Engine               - actualWidth: 1200.0
19:07:20.574 [FXGL Background Thread 3 ] DEBUG Engine               - actualWidthProperty: ReadOnlyDoubleProperty [value: 1200.0]
19:07:20.574 [FXGL Background Thread 3 ] DEBUG Engine               - appIcon: armi.png
19:07:20.574 [FXGL Background Thread 3 ] DEBUG Engine               - applicationMode: DEVELOPER
19:07:20.574 [FXGL Background Thread 3 ] DEBUG Engine               - cSSList: [fxgl_dark.css]
19:07:20.574 [FXGL Background Thread 3 ] DEBUG Engine               - collisionDetectionStrategy: BRUTE_FORCE
19:07:20.574 [FXGL Background Thread 3 ] DEBUG Engine               - configClass: Optional.empty
19:07:20.574 [FXGL Background Thread 3 ] DEBUG Engine               - credits: [TKDKid1000, github.com/TKDKid1000]
19:07:20.574 [FXGL Background Thread 3 ] DEBUG Engine               - devBBoxColorProperty: ObjectProperty [value: 0xff0000ff]
19:07:20.575 [FXGL Background Thread 3 ] DEBUG Engine               - devEnableDebugCameraProperty: BooleanProperty [value: false]
19:07:20.575 [FXGL Background Thread 3 ] DEBUG Engine               - devSensorColorProperty: ObjectProperty [value: 0xffff00ff]
19:07:20.575 [FXGL Background Thread 3 ] DEBUG Engine               - devShowBBoxProperty: BooleanProperty [value: false]
19:07:20.575 [FXGL Background Thread 3 ] DEBUG Engine               - devShowPositionProperty: BooleanProperty [value: false]
19:07:20.575 [FXGL Background Thread 3 ] DEBUG Engine               - enabledMenuItems: []
19:07:20.575 [FXGL Background Thread 3 ] DEBUG Engine               - engineServices: [class com.almasb.fxgl.app.services.FXGLAssetLoaderService, class com.almasb.fxgl.app.FXGLApplication$GameApplicationService, class com.almasb.fxgl.app.services.FXGLDialogService, class com.almasb.fxgl.app.services.IOTaskExecutorService, class com.almasb.fxgl.event.EventBusService, class com.almasb.fxgl.io.FileSystemService, class com.almasb.fxgl.localization.LocalizationService, class com.almasb.fxgl.app.services.SystemBundleService, class com.almasb.fxgl.profile.SaveLoadService, class com.almasb.fxgl.ui.FXGLUIFactoryServiceProvider, class com.almasb.fxgl.ui.FXGLDialogFactoryServiceProvider, class com.almasb.fxgl.audio.AudioPlayer, class com.almasb.fxgl.notification.impl.NotificationServiceProvider, class com.almasb.fxgl.achievement.AchievementService, class com.almasb.fxgl.cutscene.CutsceneService, class com.almasb.fxgl.minigames.MiniGameService, class com.almasb.fxgl.net.NetService, class com.almasb.fxgl.app.services.UpdaterService, class com.almasb.fxgl.dev.DevService, class com.almasb.fxgl.dev.profiling.ProfilerService]
19:07:20.575 [FXGL Background Thread 3 ] DEBUG Engine               - fontGame: Abel-Regular.ttf
19:07:20.575 [FXGL Background Thread 3 ] DEBUG Engine               - fontMono: lucida_console.ttf
19:07:20.575 [FXGL Background Thread 3 ] DEBUG Engine               - fontText: Courier-Prime.ttf
19:07:20.575 [FXGL Background Thread 3 ] DEBUG Engine               - fontUI: VarelaRound-Regular.ttf
19:07:20.575 [FXGL Background Thread 3 ] DEBUG Engine               - fullScreen: BooleanProperty [value: false]
19:07:20.575 [FXGL Background Thread 3 ] DEBUG Engine               - gameDifficulty: MEDIUM
19:07:20.575 [FXGL Background Thread 3 ] DEBUG Engine               - gameDifficultyProperty: ObjectProperty [value: MEDIUM]
19:07:20.575 [FXGL Background Thread 3 ] DEBUG Engine               - globalMusicVolume: 0.5
19:07:20.575 [FXGL Background Thread 3 ] DEBUG Engine               - globalMusicVolumeProperty: DoubleProperty [value: 0.5]
19:07:20.575 [FXGL Background Thread 3 ] DEBUG Engine               - globalSoundVolume: 0.5
19:07:20.575 [FXGL Background Thread 3 ] DEBUG Engine               - globalSoundVolumeProperty: DoubleProperty [value: 0.5]
19:07:20.575 [FXGL Background Thread 3 ] DEBUG Engine               - height: 600
19:07:20.575 [FXGL Background Thread 3 ] DEBUG Engine               - isAndroid: false
19:07:20.575 [FXGL Background Thread 3 ] DEBUG Engine               - isBrowser: false
19:07:20.575 [FXGL Background Thread 3 ] DEBUG Engine               - isClickFeedbackEnabled: true
19:07:20.576 [FXGL Background Thread 3 ] DEBUG Engine               - isCloseConfirmation: true
19:07:20.576 [FXGL Background Thread 3 ] DEBUG Engine               - isDesktop: true
19:07:20.576 [FXGL Background Thread 3 ] DEBUG Engine               - isDeveloperMenuEnabled: false
19:07:20.576 [FXGL Background Thread 3 ] DEBUG Engine               - isEntityPreloadEnabled: true
19:07:20.576 [FXGL Background Thread 3 ] DEBUG Engine               - isExperimental3D: false
19:07:20.576 [FXGL Background Thread 3 ] DEBUG Engine               - isExperimentalNative: false
19:07:20.576 [FXGL Background Thread 3 ] DEBUG Engine               - isExperimentalTiledLargeMap: false
19:07:20.576 [FXGL Background Thread 3 ] DEBUG Engine               - isFileSystemWriteAllowed: true
19:07:20.576 [FXGL Background Thread 3 ] DEBUG Engine               - isFullScreenAllowed: true
19:07:20.576 [FXGL Background Thread 3 ] DEBUG Engine               - isFullScreenFromStart: false
19:07:20.576 [FXGL Background Thread 3 ] DEBUG Engine               - isGameMenuEnabled: true
19:07:20.576 [FXGL Background Thread 3 ] DEBUG Engine               - isIOS: false
19:07:20.576 [FXGL Background Thread 3 ] DEBUG Engine               - isIntroEnabled: false
19:07:20.576 [FXGL Background Thread 3 ] DEBUG Engine               - isLinux: false
19:07:20.576 [FXGL Background Thread 3 ] DEBUG Engine               - isMac: false
19:07:20.576 [FXGL Background Thread 3 ] DEBUG Engine               - isMainMenuEnabled: false
19:07:20.576 [FXGL Background Thread 3 ] DEBUG Engine               - isManualResizeEnabled: false
19:07:20.576 [FXGL Background Thread 3 ] DEBUG Engine               - isMobile: false
19:07:20.577 [FXGL Background Thread 3 ] DEBUG Engine               - isPreserveResizeRatio: false
19:07:20.577 [FXGL Background Thread 3 ] DEBUG Engine               - isProfilingEnabled: true
19:07:20.577 [FXGL Background Thread 3 ] DEBUG Engine               - isScaleAffectedOnResize: true
19:07:20.577 [FXGL Background Thread 3 ] DEBUG Engine               - isSingleStep: false
19:07:20.577 [FXGL Background Thread 3 ] DEBUG Engine               - isUserProfileEnabled: false
19:07:20.577 [FXGL Background Thread 3 ] DEBUG Engine               - isWindows: true
19:07:20.577 [FXGL Background Thread 3 ] DEBUG Engine               - language: ObjectProperty [value: ENGLISH]
19:07:20.577 [FXGL Background Thread 3 ] DEBUG Engine               - menuKey: ESCAPE
19:07:20.577 [FXGL Background Thread 3 ] DEBUG Engine               - notificationViewClass: class com.almasb.fxgl.notification.view.XboxNotificationView
19:07:20.577 [FXGL Background Thread 3 ] DEBUG Engine               - pixelsPerMeter: 50.0
19:07:20.577 [FXGL Background Thread 3 ] DEBUG Engine               - platform: WINDOWS
19:07:20.577 [FXGL Background Thread 3 ] DEBUG Engine               - prefHeightProperty: ReadOnlyDoubleProperty [value: 600.0]
19:07:20.577 [FXGL Background Thread 3 ] DEBUG Engine               - prefWidthProperty: ReadOnlyDoubleProperty [value: 1200.0]
19:07:20.577 [FXGL Background Thread 3 ] DEBUG Engine               - profileDir: profiles/
19:07:20.577 [FXGL Background Thread 3 ] DEBUG Engine               - profileName: StringProperty [value: DEFAULT]
19:07:20.577 [FXGL Background Thread 3 ] DEBUG Engine               - randomSeed: -1
19:07:20.577 [FXGL Background Thread 3 ] DEBUG Engine               - runtimeInfo: RuntimeInfo(platform=WINDOWS, version=11.14, build=01.03.2021 16.59)
19:07:20.577 [FXGL Background Thread 3 ] DEBUG Engine               - saveFileExt: sav
19:07:20.577 [FXGL Background Thread 3 ] DEBUG Engine               - scaledHeightProp$fxgl: DoubleProperty [bound, value: 600.0]
19:07:20.577 [FXGL Background Thread 3 ] DEBUG Engine               - scaledWidthProp$fxgl: DoubleProperty [bound, value: 1200.0]
19:07:20.577 [FXGL Background Thread 3 ] DEBUG Engine               - sceneFactory: net.tkdkid1000.platformer.App$1@1a638bad
19:07:20.577 [FXGL Background Thread 3 ] DEBUG Engine               - secondsIn24h: 60
19:07:20.577 [FXGL Background Thread 3 ] DEBUG Engine               - soundMenuBack: menu/back.wav
19:07:20.577 [FXGL Background Thread 3 ] DEBUG Engine               - soundMenuPress: menu/press.wav
19:07:20.578 [FXGL Background Thread 3 ] DEBUG Engine               - soundMenuSelect: menu/select.wav
19:07:20.578 [FXGL Background Thread 3 ] DEBUG Engine               - soundNotification: core/notification.wav
19:07:20.578 [FXGL Background Thread 3 ] DEBUG Engine               - stageStyle: DECORATED
19:07:20.578 [FXGL Background Thread 3 ] DEBUG Engine               - supportedLanguages: [ENGLISH, FRENCH, GERMAN, HUNGARIAN, RUSSIAN]
19:07:20.578 [FXGL Background Thread 3 ] DEBUG Engine               - ticksPerSecond: -1
19:07:20.578 [FXGL Background Thread 3 ] DEBUG Engine               - title: Platformer
19:07:20.578 [FXGL Background Thread 3 ] DEBUG Engine               - urlGithub: https://github.com/AlmasB/FXGL
19:07:20.578 [FXGL Background Thread 3 ] DEBUG Engine               - urlLeaderboard: http://fxgl-top.herokuapp.com/
19:07:20.578 [FXGL Background Thread 3 ] DEBUG Engine               - urlPOM: https://raw.githubusercontent.com/AlmasB/FXGL/release/README.md
19:07:20.578 [FXGL Background Thread 3 ] DEBUG Engine               - userAppClass: class net.tkdkid1000.platformer.App
19:07:20.578 [FXGL Background Thread 3 ] DEBUG Engine               - version: 0.0.1-DEV-SNAPSHOT
19:07:20.578 [FXGL Background Thread 3 ] DEBUG Engine               - versionCheckDays: 7
19:07:20.578 [FXGL Background Thread 3 ] DEBUG Engine               - width: 1200
19:07:20.578 [FXGL Background Thread 3 ] DEBUG Engine               - Logging services
19:07:20.578 [FXGL Background Thread 3 ] DEBUG Engine               - class com.almasb.fxgl.app.services.FXGLAssetLoaderService
19:07:20.578 [FXGL Background Thread 3 ] DEBUG Engine               - class com.almasb.fxgl.app.FXGLApplication$GameApplicationService
19:07:20.578 [FXGL Background Thread 3 ] DEBUG Engine               - class com.almasb.fxgl.app.services.FXGLDialogService
19:07:20.578 [FXGL Background Thread 3 ] DEBUG Engine               - class com.almasb.fxgl.app.services.IOTaskExecutorService
19:07:20.578 [FXGL Background Thread 3 ] DEBUG Engine               - class com.almasb.fxgl.event.EventBusService
19:07:20.578 [FXGL Background Thread 3 ] DEBUG Engine               - class com.almasb.fxgl.io.FileSystemService
19:07:20.578 [FXGL Background Thread 3 ] DEBUG Engine               - class com.almasb.fxgl.localization.LocalizationService
19:07:20.578 [FXGL Background Thread 3 ] DEBUG Engine               - class com.almasb.fxgl.app.services.SystemBundleService
19:07:20.578 [FXGL Background Thread 3 ] DEBUG Engine               - class com.almasb.fxgl.profile.SaveLoadService
19:07:20.578 [FXGL Background Thread 3 ] DEBUG Engine               - class com.almasb.fxgl.ui.FXGLUIFactoryServiceProvider
19:07:20.578 [FXGL Background Thread 3 ] DEBUG Engine               - class com.almasb.fxgl.ui.FXGLDialogFactoryServiceProvider
19:07:20.578 [FXGL Background Thread 3 ] DEBUG Engine               - class com.almasb.fxgl.audio.AudioPlayer
19:07:20.578 [FXGL Background Thread 3 ] DEBUG Engine               - class com.almasb.fxgl.notification.impl.NotificationServiceProvider
19:07:20.579 [FXGL Background Thread 3 ] DEBUG Engine               - class com.almasb.fxgl.achievement.AchievementService
19:07:20.579 [FXGL Background Thread 3 ] DEBUG Engine               - class com.almasb.fxgl.cutscene.CutsceneService
19:07:20.579 [FXGL Background Thread 3 ] DEBUG Engine               - class com.almasb.fxgl.minigames.MiniGameService
19:07:20.579 [FXGL Background Thread 3 ] DEBUG Engine               - class com.almasb.fxgl.net.NetService
19:07:20.579 [FXGL Background Thread 3 ] DEBUG Engine               - class com.almasb.fxgl.app.services.UpdaterService
19:07:20.579 [FXGL Background Thread 3 ] DEBUG Engine               - class com.almasb.fxgl.dev.DevService
19:07:20.579 [FXGL Background Thread 3 ] DEBUG Engine               - class com.almasb.fxgl.dev.profiling.ProfilerService
19:07:20.970 [JavaFX Application Thread] DEBUG EventBus             - Firing event: AchievementEvent[type=ACHIEVED, name=Out of the box, description=Leave the play area.]
19:07:23.801 [JavaFX Application Thread] DEBUG FXGLAssetLoaderServi - Loading from file system: file:/C:/Users/rhone/eclipse-workspace/FXGLPlatformer/target/classes/assets/textures/armi.png
19:07:53.522 [JavaFX Application Thread] DEBUG PrimaryStageWindow   - Push state: MainMenu
19:07:53.525 [JavaFX Application Thread] DEBUG Input                - Clearing active input actions
19:07:53.526 [JavaFX Application Thread] DEBUG GameApplicationServi - Removing overlay from GameScene and adding to MainMenu
19:07:53.527 [JavaFX Application Thread] DEBUG PrimaryStageWindow   - GameScene -> MainMenu
19:07:54.306 [JavaFX Application Thread] DEBUG Menu                 - fireExit()
19:07:54.337 [JavaFX Application Thread] DEBUG PrimaryStageWindow   - Push state: DialogSubScene
19:07:54.337 [JavaFX Application Thread] DEBUG Input                - Clearing active input actions
19:07:54.342 [JavaFX Application Thread] DEBUG GameApplicationServi - Removing overlay from MainMenu and adding to DialogSubScene
19:07:54.342 [JavaFX Application Thread] DEBUG PrimaryStageWindow   - MainMenu -> DialogSubScene
19:07:54.343 [JavaFX Application Thread] DEBUG FXGLAssetLoaderServi - Loading from file system: file:/C:/Users/rhone/eclipse-workspace/FXGLPlatformer/target/classes/assets/music/menu_click.mp3
19:07:54.566 [JavaFX Application Thread] DEBUG AudioPlayer          - Playing music com.almasb.fxgl.audio.Music@763549c9
19:07:55.206 [JavaFX Application Thread] DEBUG PrimaryStageWindow   - Pop state: DialogSubScene
19:07:55.206 [JavaFX Application Thread] DEBUG Input                - Clearing active input actions
19:07:55.207 [JavaFX Application Thread] DEBUG GameApplicationServi - Removing overlay from DialogSubScene and adding to MainMenu
19:07:55.208 [JavaFX Application Thread] DEBUG PrimaryStageWindow   - MainMenu <- DialogSubScene
19:07:55.208 [JavaFX Application Thread] DEBUG FXGLApplication      - Exiting FXGL
19:07:55.208 [JavaFX Application Thread] DEBUG LoopRunner           - Stopping loop
19:07:55.208 [JavaFX Application Thread] DEBUG SystemBundleService  - Saving FXGL system data
19:07:55.211 [JavaFX Application Thread] DEBUG FileSystemAccess     - Writing to: C:\Users\rhone\eclipse-workspace\FXGLPlatformer\system\fxgl.bundle
19:07:55.213 [JavaFX Application Thread] INFO  ProfilerWindow       - Profiler (FPS) - 2138 frames
19:07:55.213 [JavaFX Application Thread] INFO  ProfilerWindow       - Average: 58.06688493919551
19:07:55.214 [JavaFX Application Thread] INFO  ProfilerWindow       - Minimum: 40.0
19:07:55.214 [JavaFX Application Thread] INFO  ProfilerWindow       - Maximum: 60.0
19:07:55.214 [JavaFX Application Thread] INFO  ProfilerWindow       - Profiler (CPU (ms)) - 2138 frames
19:07:55.214 [JavaFX Application Thread] INFO  ProfilerWindow       - Average: 0.5663890084190824
19:07:55.214 [JavaFX Application Thread] INFO  ProfilerWindow       - Minimum: 0.0
19:07:55.214 [JavaFX Application Thread] INFO  ProfilerWindow       - Maximum: 32.2924
19:07:55.214 [JavaFX Application Thread] INFO  ProfilerWindow       - Profiler (RAM (MB)) - 2138 frames
19:07:55.214 [JavaFX Application Thread] INFO  ProfilerWindow       - Average: 60.96760629024095
19:07:55.214 [JavaFX Application Thread] INFO  ProfilerWindow       - Minimum: 13.9375
19:07:55.214 [JavaFX Application Thread] INFO  ProfilerWindow       - Maximum: 109.9375
19:07:55.215 [JavaFX Application Thread] INFO  ProfilerService      - Estimated GC runs: 3
19:07:55.215 [JavaFX Application Thread] DEBUG Async                - Shutting down background threads
19:07:55.215 [JavaFX Application Thread] DEBUG PrimaryStageWindow   - Closing main window
19:07:55.236 [JavaFX Application Thread] DEBUG Logger               - Closing Logger
