13:26:41.393 [main                     ] DEBUG Logger               - Configured Logger
13:26:41.410 [main                     ] DEBUG GameApplication      - Logging settings
Title: Platformer
Version: 0.0.1-DEV-SNAPSHOT
Width: 1200
Height: 600
Fullscreen: true
Intro: false
Profiling: true
Single step:false
App Mode: DEVELOPER
Menu Key: ESCAPE
Stage Style: DECORATED
Scene Factory: class net.tkdkid1000.platformer.App$1

13:26:42.029 [JavaFX Application Thread] DEBUG FXGLApplication      - Initializing FXGL
13:26:42.032 [JavaFX Application Thread] INFO  Engine               - FXGL-11.14 (01.03.2021 16.59) on WINDOWS (J:11.0.10 FX:15)
13:26:42.033 [JavaFX Application Thread] DEBUG Engine               - JRE Vendor Name: Oracle Corporation
13:26:42.033 [JavaFX Application Thread] DEBUG Engine               - Running on OS: Windows 10 version 10.0
13:26:42.033 [JavaFX Application Thread] DEBUG Engine               - Architecture: amd64
13:26:42.034 [JavaFX Application Thread] INFO  Engine               - Source code and latest versions at: https://github.com/AlmasB/FXGL
13:26:42.034 [JavaFX Application Thread] INFO  Engine               -              Join the FXGL chat at: https://gitter.im/AlmasB/FXGL
13:26:42.196 [JavaFX Application Thread] DEBUG PrimaryStageWindow   - Creating a JavaFX scene
13:26:42.288 [JavaFX Application Thread] DEBUG PrimaryStageWindow   - Target settings size: 1200.0 x 600.0
13:26:42.289 [JavaFX Application Thread] DEBUG PrimaryStageWindow   - Scaled scene size:    1200.0 x 600.0
13:26:42.289 [JavaFX Application Thread] DEBUG PrimaryStageWindow   - Scaled ratio: (1.0, 1.0)
13:26:42.290 [JavaFX Application Thread] DEBUG PrimaryStageWindow   - Set initial scene to FXGLStartupScene
13:26:42.299 [JavaFX Application Thread] DEBUG PrimaryStageWindow   - Opening main window
13:26:42.524 [JavaFX Application Thread] DEBUG PrimaryStageWindow   - Window border size: (16.0, 39.0)
13:26:42.524 [JavaFX Application Thread] DEBUG PrimaryStageWindow   - Scaled size: 1200.0 x 600.0
13:26:42.524 [JavaFX Application Thread] DEBUG PrimaryStageWindow   - Scaled ratio: (1.0, 1.0)
13:26:42.525 [JavaFX Application Thread] DEBUG PrimaryStageWindow   - Scene size: 1200.0 x 600.0
13:26:42.525 [JavaFX Application Thread] DEBUG PrimaryStageWindow   - Stage size: 1216.0 x 639.0
13:26:42.611 [FXGL Background Thread 1 ] DEBUG Engine               - Initializing environment variables
13:26:42.804 [FXGL Background Thread 1 ] DEBUG FXGLAssetLoaderServi - User app class for loading assets: class net.tkdkid1000.platformer.App
13:26:42.805 [FXGL Background Thread 1 ] DEBUG GameApplicationServi - Applying CSS: fxgl_dark.css
13:26:42.805 [FXGL Background Thread 1 ] DEBUG FXGLAssetLoaderServi - Loading from file system: jar:file:/C:/Users/rhone/.m2/repository/com/github/almasb/fxgl/11.14/fxgl-11.14.jar!/fxglassets/ui/css/fxgl_dark.css
13:26:42.857 [FXGL Background Thread 1 ] DEBUG GameApplicationServi - Initializing application scenes
13:26:42.959 [FXGL Background Thread 1 ] DEBUG GameWorld            - Game world initialized
13:26:43.068 [FXGL Background Thread 1 ] DEBUG PhysicsWorld         - Physics world initialized: appHeight=600, physics.ppm=50.0
13:26:43.069 [FXGL Background Thread 1 ] DEBUG PhysicsWorld         - Using strategy: BRUTE_FORCE
13:26:43.071 [FXGL Background Thread 1 ] DEBUG GameScene            - Game scene initialized: 1200x600
13:26:43.100 [FXGL Background Thread 1 ] DEBUG GameApplicationServi - Application scenes initialized
13:26:43.117 [FXGL Background Thread 1 ] DEBUG SystemBundleService  - Loading FXGL system data
13:26:43.130 [FXGL Background Thread 1 ] DEBUG FileSystemAccess     - Reading from: C:\Users\rhone\eclipse-workspace\FXGLPlatformer\system\fxgl.bundle
13:26:43.148 [FXGL Background Thread 1 ] DEBUG SystemBundleService  - Bundle FXGL: {}
13:26:43.148 [FXGL Background Thread 1 ] DEBUG UpdaterService       - Checking for updates
13:26:43.164 [FXGL Background Thread 4 ] DEBUG FXGLApplication      - Loading fonts
13:26:43.168 [FXGL Background Thread 4 ] DEBUG FXGLAssetLoaderServi - Loading from file system: jar:file:/C:/Users/rhone/.m2/repository/com/github/almasb/fxgl/11.14/fxgl-11.14.jar!/fxglassets/ui/fonts/VarelaRound-Regular.ttf
13:26:43.168 [FXGL Background Thread 1 ] DEBUG FXGLApplication      - Loading default localization
13:26:43.169 [FXGL Background Thread 1 ] DEBUG FXGLAssetLoaderServi - Loading from file system: jar:file:/C:/Users/rhone/.m2/repository/com/github/almasb/fxgl/11.14/fxgl-11.14.jar!/fxglassets/languages/english.lang
13:26:43.206 [FXGL Background Thread 1 ] INFO  FXGLApplication      - FXGL initialization took: 0.595 sec
13:26:43.207 [JavaFX Application Thread] DEBUG FXGLAssetLoaderServi - Loading from file system: file:/C:/Users/rhone/eclipse-workspace/FXGLPlatformer/target/classes/assets/textures/armi.png
13:26:43.252 [JavaFX Application Thread] DEBUG FXGLAssetLoaderServi - Loading from file system: jar:file:/C:/Users/rhone/.m2/repository/com/github/almasb/fxgl/11.14/fxgl-11.14.jar!/fxglassets/ui/cursors/fxgl_default.png
13:26:43.280 [JavaFX Application Thread] DEBUG Input                - Registered new binding: Screenshot - P
13:26:43.281 [JavaFX Application Thread] DEBUG Input                - Registered new binding: System info dump - CTRL+9
13:26:43.281 [JavaFX Application Thread] DEBUG Input                - Registered new binding: Restart - CTRL+R
13:26:43.282 [JavaFX Application Thread] DEBUG Input                - Registered new binding: Toggle Debug Camera - CTRL+C
13:26:43.303 [JavaFX Application Thread] DEBUG LoopRunner           - Starting loop
13:26:43.303 [JavaFX Application Thread] DEBUG LoopRunner           - Initializing JavaFX AnimationTimerLoop
13:26:43.305 [JavaFX Application Thread] DEBUG GameApplicationServi - Starting new game
13:26:43.306 [JavaFX Application Thread] DEBUG Input                - Clearing active input actions
13:26:43.318 [JavaFX Application Thread] DEBUG GameApplicationServi - Removing overlay from FXGLStartupScene and adding to FXGLLoadingScene
13:26:43.319 [JavaFX Application Thread] DEBUG PrimaryStageWindow   - FXGLStartupScene -> FXGLLoadingScene
13:26:43.319 [JavaFX Application Thread] DEBUG GameApplicationServi - Clearing previous game
13:26:43.319 [JavaFX Application Thread] DEBUG GameScene            - Clearing game scene
13:26:43.319 [JavaFX Application Thread] DEBUG GameWorld            - Clearing game world
13:26:43.319 [JavaFX Application Thread] DEBUG PhysicsWorld         - Clearing physics world
13:26:43.320 [FXGL Background Thread 1 ] DEBUG FXGLApplication      - Initializing game
13:26:43.322 [FXGL Background Thread 1 ] DEBUG AchievementService   - Registered new achievement: Jumpman
13:26:43.322 [FXGL Background Thread 1 ] DEBUG AchievementService   - Registered new achievement: Out of the box
13:26:43.342 [FXGL Background Thread 1 ] DEBUG FXGLAssetLoaderServi - Loading from file system: file:/C:/Users/rhone/eclipse-workspace/FXGLPlatformer/target/classes/assets/textures/player.png
13:26:43.441 [FXGL Background Thread 4 ] DEBUG FXGLAssetLoaderServi - Loading from file system: jar:file:/C:/Users/rhone/.m2/repository/com/github/almasb/fxgl/11.14/fxgl-11.14.jar!/fxglassets/ui/fonts/Abel-Regular.ttf
13:26:43.460 [FXGL Background Thread 1 ] WARN  FXGLAssetLoaderServi - Asset "/assets/music/bgm.mp3" was not found!
13:26:43.460 [FXGL Background Thread 4 ] DEBUG FXGLAssetLoaderServi - Loading from file system: jar:file:/C:/Users/rhone/.m2/repository/com/github/almasb/fxgl/11.14/fxgl-11.14.jar!/fxglassets/ui/fonts/lucida_console.ttf
13:26:43.460 [FXGL Background Thread 1 ] WARN  FXGLAssetLoaderServi - Failed to load MUSIC
13:26:43.463 [FXGL Background Thread 1 ] DEBUG AudioPlayer          - Playing music com.almasb.fxgl.audio.Music@5c2d083
13:26:43.480 [FXGL Background Thread 4 ] DEBUG FXGLAssetLoaderServi - Loading from file system: jar:file:/C:/Users/rhone/.m2/repository/com/github/almasb/fxgl/11.14/fxgl-11.14.jar!/fxglassets/ui/fonts/Courier-Prime.ttf
13:26:43.663 [FXGL Background Thread 1 ] DEBUG Input                - Registered new binding: ClearBlock - C
13:26:43.663 [FXGL Background Thread 1 ] DEBUG Input                - Registered new binding: SpawnBlock - E
13:26:43.664 [FXGL Background Thread 1 ] DEBUG Input                - Registered new binding: Respawn - R
13:26:43.664 [FXGL Background Thread 1 ] DEBUG Input                - Registered new binding: ToggleFullscreen - F11
13:26:43.664 [FXGL Background Thread 1 ] DEBUG Input                - Registered new binding: MovePlayerDown - S
13:26:43.680 [JavaFX Application Thread] DEBUG FXGLApplication      - Registering font factories with UI factory
13:26:43.692 [FXGL Background Thread 1 ] DEBUG Input                - Registered new binding: MovePlayerUp - W
13:26:43.693 [FXGL Background Thread 1 ] DEBUG Input                - Registered new binding: MovePlayerRight - D
13:26:43.693 [FXGL Background Thread 1 ] DEBUG Input                - Registered new binding: MovePlayerLeft - A
13:26:43.707 [FXGL Background Thread 1 ] INFO  FXGLApplication      - Game initialization took: 0.387 sec
13:26:43.709 [JavaFX Application Thread] DEBUG Input                - Clearing active input actions
13:26:43.720 [JavaFX Application Thread] DEBUG GameApplicationServi - Removing overlay from FXGLLoadingScene and adding to GameScene
13:26:43.721 [JavaFX Application Thread] DEBUG PrimaryStageWindow   - FXGLLoadingScene -> GameScene
13:26:46.164 [FXGL Background Thread 3 ] DEBUG Engine               - Logging environment variables
13:26:46.165 [FXGL Background Thread 3 ] DEBUG Engine               - achievements: []
13:26:46.165 [FXGL Background Thread 3 ] DEBUG Engine               - actualHeight: 600.0
13:26:46.166 [FXGL Background Thread 3 ] DEBUG Engine               - actualHeightProperty: ReadOnlyDoubleProperty [value: 600.0]
13:26:46.166 [FXGL Background Thread 3 ] DEBUG Engine               - actualWidth: 1200.0
13:26:46.166 [FXGL Background Thread 3 ] DEBUG Engine               - actualWidthProperty: ReadOnlyDoubleProperty [value: 1200.0]
13:26:46.166 [FXGL Background Thread 3 ] DEBUG Engine               - appIcon: armi.png
13:26:46.166 [FXGL Background Thread 3 ] DEBUG Engine               - applicationMode: DEVELOPER
13:26:46.166 [FXGL Background Thread 3 ] DEBUG Engine               - cSSList: [fxgl_dark.css]
13:26:46.166 [FXGL Background Thread 3 ] DEBUG Engine               - collisionDetectionStrategy: BRUTE_FORCE
13:26:46.166 [FXGL Background Thread 3 ] DEBUG Engine               - configClass: Optional.empty
13:26:46.166 [FXGL Background Thread 3 ] DEBUG Engine               - credits: [TKDKid1000, github.com/TKDKid1000]
13:26:46.166 [FXGL Background Thread 3 ] DEBUG Engine               - devBBoxColorProperty: ObjectProperty [value: 0xff0000ff]
13:26:46.166 [FXGL Background Thread 3 ] DEBUG Engine               - devEnableDebugCameraProperty: BooleanProperty [value: false]
13:26:46.166 [FXGL Background Thread 3 ] DEBUG Engine               - devSensorColorProperty: ObjectProperty [value: 0xffff00ff]
13:26:46.166 [FXGL Background Thread 3 ] DEBUG Engine               - devShowBBoxProperty: BooleanProperty [value: false]
13:26:46.166 [FXGL Background Thread 3 ] DEBUG Engine               - devShowPositionProperty: BooleanProperty [value: false]
13:26:46.166 [FXGL Background Thread 3 ] DEBUG Engine               - enabledMenuItems: []
13:26:46.166 [FXGL Background Thread 3 ] DEBUG Engine               - engineServices: [class com.almasb.fxgl.app.services.FXGLAssetLoaderService, class com.almasb.fxgl.app.FXGLApplication$GameApplicationService, class com.almasb.fxgl.app.services.FXGLDialogService, class com.almasb.fxgl.app.services.IOTaskExecutorService, class com.almasb.fxgl.event.EventBusService, class com.almasb.fxgl.io.FileSystemService, class com.almasb.fxgl.localization.LocalizationService, class com.almasb.fxgl.app.services.SystemBundleService, class com.almasb.fxgl.profile.SaveLoadService, class com.almasb.fxgl.ui.FXGLUIFactoryServiceProvider, class com.almasb.fxgl.ui.FXGLDialogFactoryServiceProvider, class com.almasb.fxgl.audio.AudioPlayer, class com.almasb.fxgl.notification.impl.NotificationServiceProvider, class com.almasb.fxgl.achievement.AchievementService, class com.almasb.fxgl.cutscene.CutsceneService, class com.almasb.fxgl.minigames.MiniGameService, class com.almasb.fxgl.net.NetService, class com.almasb.fxgl.app.services.UpdaterService, class com.almasb.fxgl.dev.DevService, class com.almasb.fxgl.dev.profiling.ProfilerService]
13:26:46.166 [FXGL Background Thread 3 ] DEBUG Engine               - fontGame: Abel-Regular.ttf
13:26:46.166 [FXGL Background Thread 3 ] DEBUG Engine               - fontMono: lucida_console.ttf
13:26:46.167 [FXGL Background Thread 3 ] DEBUG Engine               - fontText: Courier-Prime.ttf
13:26:46.167 [FXGL Background Thread 3 ] DEBUG Engine               - fontUI: VarelaRound-Regular.ttf
13:26:46.167 [FXGL Background Thread 3 ] DEBUG Engine               - fullScreen: BooleanProperty [value: false]
13:26:46.167 [FXGL Background Thread 3 ] DEBUG Engine               - gameDifficulty: MEDIUM
13:26:46.167 [FXGL Background Thread 3 ] DEBUG Engine               - gameDifficultyProperty: ObjectProperty [value: MEDIUM]
13:26:46.167 [FXGL Background Thread 3 ] DEBUG Engine               - globalMusicVolume: 0.5
13:26:46.167 [FXGL Background Thread 3 ] DEBUG Engine               - globalMusicVolumeProperty: DoubleProperty [value: 0.5]
13:26:46.167 [FXGL Background Thread 3 ] DEBUG Engine               - globalSoundVolume: 0.5
13:26:46.167 [FXGL Background Thread 3 ] DEBUG Engine               - globalSoundVolumeProperty: DoubleProperty [value: 0.5]
13:26:46.167 [FXGL Background Thread 3 ] DEBUG Engine               - height: 600
13:26:46.167 [FXGL Background Thread 3 ] DEBUG Engine               - isAndroid: false
13:26:46.167 [FXGL Background Thread 3 ] DEBUG Engine               - isBrowser: false
13:26:46.167 [FXGL Background Thread 3 ] DEBUG Engine               - isClickFeedbackEnabled: true
13:26:46.167 [FXGL Background Thread 3 ] DEBUG Engine               - isCloseConfirmation: true
13:26:46.167 [FXGL Background Thread 3 ] DEBUG Engine               - isDesktop: true
13:26:46.167 [FXGL Background Thread 3 ] DEBUG Engine               - isDeveloperMenuEnabled: false
13:26:46.167 [FXGL Background Thread 3 ] DEBUG Engine               - isEntityPreloadEnabled: true
13:26:46.167 [FXGL Background Thread 3 ] DEBUG Engine               - isExperimental3D: false
13:26:46.167 [FXGL Background Thread 3 ] DEBUG Engine               - isExperimentalNative: false
13:26:46.167 [FXGL Background Thread 3 ] DEBUG Engine               - isExperimentalTiledLargeMap: false
13:26:46.167 [FXGL Background Thread 3 ] DEBUG Engine               - isFileSystemWriteAllowed: true
13:26:46.167 [FXGL Background Thread 3 ] DEBUG Engine               - isFullScreenAllowed: true
13:26:46.167 [FXGL Background Thread 3 ] DEBUG Engine               - isFullScreenFromStart: false
13:26:46.167 [FXGL Background Thread 3 ] DEBUG Engine               - isGameMenuEnabled: true
13:26:46.168 [FXGL Background Thread 3 ] DEBUG Engine               - isIOS: false
13:26:46.168 [FXGL Background Thread 3 ] DEBUG Engine               - isIntroEnabled: false
13:26:46.168 [FXGL Background Thread 3 ] DEBUG Engine               - isLinux: false
13:26:46.168 [FXGL Background Thread 3 ] DEBUG Engine               - isMac: false
13:26:46.168 [FXGL Background Thread 3 ] DEBUG Engine               - isMainMenuEnabled: false
13:26:46.168 [FXGL Background Thread 3 ] DEBUG Engine               - isManualResizeEnabled: false
13:26:46.168 [FXGL Background Thread 3 ] DEBUG Engine               - isMobile: false
13:26:46.168 [FXGL Background Thread 3 ] DEBUG Engine               - isPreserveResizeRatio: false
13:26:46.168 [FXGL Background Thread 3 ] DEBUG Engine               - isProfilingEnabled: true
13:26:46.168 [FXGL Background Thread 3 ] DEBUG Engine               - isScaleAffectedOnResize: true
13:26:46.168 [FXGL Background Thread 3 ] DEBUG Engine               - isSingleStep: false
13:26:46.168 [FXGL Background Thread 3 ] DEBUG Engine               - isUserProfileEnabled: false
13:26:46.168 [FXGL Background Thread 3 ] DEBUG Engine               - isWindows: true
13:26:46.168 [FXGL Background Thread 3 ] DEBUG Engine               - language: ObjectProperty [value: ENGLISH]
13:26:46.168 [FXGL Background Thread 3 ] DEBUG Engine               - menuKey: ESCAPE
13:26:46.168 [FXGL Background Thread 3 ] DEBUG Engine               - notificationViewClass: class com.almasb.fxgl.notification.view.XboxNotificationView
13:26:46.168 [FXGL Background Thread 3 ] DEBUG Engine               - pixelsPerMeter: 50.0
13:26:46.168 [FXGL Background Thread 3 ] DEBUG Engine               - platform: WINDOWS
13:26:46.168 [FXGL Background Thread 3 ] DEBUG Engine               - prefHeightProperty: ReadOnlyDoubleProperty [value: 600.0]
13:26:46.168 [FXGL Background Thread 3 ] DEBUG Engine               - prefWidthProperty: ReadOnlyDoubleProperty [value: 1200.0]
13:26:46.168 [FXGL Background Thread 3 ] DEBUG Engine               - profileDir: profiles/
13:26:46.169 [FXGL Background Thread 3 ] DEBUG Engine               - profileName: StringProperty [value: DEFAULT]
13:26:46.169 [FXGL Background Thread 3 ] DEBUG Engine               - randomSeed: -1
13:26:46.169 [FXGL Background Thread 3 ] DEBUG Engine               - runtimeInfo: RuntimeInfo(platform=WINDOWS, version=11.14, build=01.03.2021 16.59)
13:26:46.169 [FXGL Background Thread 3 ] DEBUG Engine               - saveFileExt: sav
13:26:46.169 [FXGL Background Thread 3 ] DEBUG Engine               - scaledHeightProp$fxgl: DoubleProperty [bound, value: 600.0]
13:26:46.169 [FXGL Background Thread 3 ] DEBUG Engine               - scaledWidthProp$fxgl: DoubleProperty [bound, value: 1200.0]
13:26:46.169 [FXGL Background Thread 3 ] DEBUG Engine               - sceneFactory: net.tkdkid1000.platformer.App$1@320db595
13:26:46.169 [FXGL Background Thread 3 ] DEBUG Engine               - secondsIn24h: 60
13:26:46.169 [FXGL Background Thread 3 ] DEBUG Engine               - soundMenuBack: menu/back.wav
13:26:46.169 [FXGL Background Thread 3 ] DEBUG Engine               - soundMenuPress: menu/press.wav
13:26:46.169 [FXGL Background Thread 3 ] DEBUG Engine               - soundMenuSelect: menu/select.wav
13:26:46.169 [FXGL Background Thread 3 ] DEBUG Engine               - soundNotification: core/notification.wav
13:26:46.169 [FXGL Background Thread 3 ] DEBUG Engine               - stageStyle: DECORATED
13:26:46.169 [FXGL Background Thread 3 ] DEBUG Engine               - supportedLanguages: [ENGLISH, FRENCH, GERMAN, HUNGARIAN, RUSSIAN]
13:26:46.169 [FXGL Background Thread 3 ] DEBUG Engine               - ticksPerSecond: -1
13:26:46.169 [FXGL Background Thread 3 ] DEBUG Engine               - title: Platformer
13:26:46.169 [FXGL Background Thread 3 ] DEBUG Engine               - urlGithub: https://github.com/AlmasB/FXGL
13:26:46.169 [FXGL Background Thread 3 ] DEBUG Engine               - urlLeaderboard: http://fxgl-top.herokuapp.com/
13:26:46.169 [FXGL Background Thread 3 ] DEBUG Engine               - urlPOM: https://raw.githubusercontent.com/AlmasB/FXGL/release/README.md
13:26:46.169 [FXGL Background Thread 3 ] DEBUG Engine               - userAppClass: class net.tkdkid1000.platformer.App
13:26:46.169 [FXGL Background Thread 3 ] DEBUG Engine               - version: 0.0.1-DEV-SNAPSHOT
13:26:46.169 [FXGL Background Thread 3 ] DEBUG Engine               - versionCheckDays: 7
13:26:46.169 [FXGL Background Thread 3 ] DEBUG Engine               - width: 1200
13:26:46.169 [FXGL Background Thread 3 ] DEBUG Engine               - Logging services
13:26:46.169 [FXGL Background Thread 3 ] DEBUG Engine               - class com.almasb.fxgl.app.services.FXGLAssetLoaderService
13:26:46.169 [FXGL Background Thread 3 ] DEBUG Engine               - class com.almasb.fxgl.app.FXGLApplication$GameApplicationService
13:26:46.170 [FXGL Background Thread 3 ] DEBUG Engine               - class com.almasb.fxgl.app.services.FXGLDialogService
13:26:46.170 [FXGL Background Thread 3 ] DEBUG Engine               - class com.almasb.fxgl.app.services.IOTaskExecutorService
13:26:46.170 [FXGL Background Thread 3 ] DEBUG Engine               - class com.almasb.fxgl.event.EventBusService
13:26:46.170 [FXGL Background Thread 3 ] DEBUG Engine               - class com.almasb.fxgl.io.FileSystemService
13:26:46.170 [FXGL Background Thread 3 ] DEBUG Engine               - class com.almasb.fxgl.localization.LocalizationService
13:26:46.170 [FXGL Background Thread 3 ] DEBUG Engine               - class com.almasb.fxgl.app.services.SystemBundleService
13:26:46.170 [FXGL Background Thread 3 ] DEBUG Engine               - class com.almasb.fxgl.profile.SaveLoadService
13:26:46.170 [FXGL Background Thread 3 ] DEBUG Engine               - class com.almasb.fxgl.ui.FXGLUIFactoryServiceProvider
13:26:46.170 [FXGL Background Thread 3 ] DEBUG Engine               - class com.almasb.fxgl.ui.FXGLDialogFactoryServiceProvider
13:26:46.170 [FXGL Background Thread 3 ] DEBUG Engine               - class com.almasb.fxgl.audio.AudioPlayer
13:26:46.170 [FXGL Background Thread 3 ] DEBUG Engine               - class com.almasb.fxgl.notification.impl.NotificationServiceProvider
13:26:46.170 [FXGL Background Thread 3 ] DEBUG Engine               - class com.almasb.fxgl.achievement.AchievementService
13:26:46.170 [FXGL Background Thread 3 ] DEBUG Engine               - class com.almasb.fxgl.cutscene.CutsceneService
13:26:46.170 [FXGL Background Thread 3 ] DEBUG Engine               - class com.almasb.fxgl.minigames.MiniGameService
13:26:46.170 [FXGL Background Thread 3 ] DEBUG Engine               - class com.almasb.fxgl.net.NetService
13:26:46.170 [FXGL Background Thread 3 ] DEBUG Engine               - class com.almasb.fxgl.app.services.UpdaterService
13:26:46.170 [FXGL Background Thread 3 ] DEBUG Engine               - class com.almasb.fxgl.dev.DevService
13:26:46.170 [FXGL Background Thread 3 ] DEBUG Engine               - class com.almasb.fxgl.dev.profiling.ProfilerService
13:27:02.960 [JavaFX Application Thread] DEBUG PrimaryStageWindow   - Push state: DialogSubScene
13:27:02.960 [JavaFX Application Thread] DEBUG Input                - Clearing active input actions
13:27:02.964 [JavaFX Application Thread] DEBUG GameApplicationServi - Removing overlay from GameScene and adding to DialogSubScene
13:27:02.965 [JavaFX Application Thread] DEBUG PrimaryStageWindow   - GameScene -> DialogSubScene
13:27:03.760 [JavaFX Application Thread] DEBUG PrimaryStageWindow   - Pop state: DialogSubScene
13:27:03.760 [JavaFX Application Thread] DEBUG Input                - Clearing active input actions
13:27:03.762 [JavaFX Application Thread] DEBUG GameApplicationServi - Removing overlay from DialogSubScene and adding to GameScene
13:27:03.763 [JavaFX Application Thread] DEBUG PrimaryStageWindow   - GameScene <- DialogSubScene
13:27:03.763 [JavaFX Application Thread] DEBUG FXGLApplication      - Exiting FXGL
13:27:03.763 [JavaFX Application Thread] DEBUG LoopRunner           - Stopping loop
13:27:03.763 [JavaFX Application Thread] DEBUG SystemBundleService  - Saving FXGL system data
13:27:03.768 [JavaFX Application Thread] DEBUG FileSystemAccess     - Writing to: C:\Users\rhone\eclipse-workspace\FXGLPlatformer\system\fxgl.bundle
13:27:03.771 [JavaFX Application Thread] INFO  ProfilerWindow       - Profiler (FPS) - 1192 frames
13:27:03.771 [JavaFX Application Thread] INFO  ProfilerWindow       - Average: 58.91275167785235
13:27:03.771 [JavaFX Application Thread] INFO  ProfilerWindow       - Minimum: 50.0
13:27:03.771 [JavaFX Application Thread] INFO  ProfilerWindow       - Maximum: 61.0
13:27:03.771 [JavaFX Application Thread] INFO  ProfilerWindow       - Profiler (CPU (ms)) - 1192 frames
13:27:03.771 [JavaFX Application Thread] INFO  ProfilerWindow       - Average: 0.32925671140939544
13:27:03.771 [JavaFX Application Thread] INFO  ProfilerWindow       - Minimum: 0.0
13:27:03.771 [JavaFX Application Thread] INFO  ProfilerWindow       - Maximum: 19.2988
13:27:03.771 [JavaFX Application Thread] INFO  ProfilerWindow       - Profiler (RAM (MB)) - 1192 frames
13:27:03.771 [JavaFX Application Thread] INFO  ProfilerWindow       - Average: 41.71794417720513
13:27:03.771 [JavaFX Application Thread] INFO  ProfilerWindow       - Minimum: 14.25970458984375
13:27:03.772 [JavaFX Application Thread] INFO  ProfilerWindow       - Maximum: 71.74652099609375
13:27:03.772 [JavaFX Application Thread] INFO  ProfilerService      - Estimated GC runs: 2
13:27:03.772 [JavaFX Application Thread] DEBUG Async                - Shutting down background threads
13:27:03.772 [JavaFX Application Thread] DEBUG PrimaryStageWindow   - Closing main window
13:27:03.791 [JavaFX Application Thread] DEBUG Logger               - Closing Logger
