19:08:07.240 [main                     ] DEBUG Logger               - Configured Logger
19:08:07.285 [main                     ] DEBUG GameApplication      - Logging settings
Title: Platformer
Version: 0.0.1-DEV-SNAPSHOT
Width: 1200
Height: 600
Fullscreen: true
Intro: false
Profiling: true
Single step:false
App Mode: DEVELOPER
Menu Key: ESCAPE
Stage Style: DECORATED
Scene Factory: class net.tkdkid1000.platformer.App$1

19:08:08.353 [JavaFX Application Thread] DEBUG FXGLApplication      - Initializing FXGL
19:08:08.360 [JavaFX Application Thread] INFO  Engine               - FXGL-11.14 (01.03.2021 16.59) on WINDOWS (J:11.0.10 FX:15)
19:08:08.364 [JavaFX Application Thread] DEBUG Engine               - JRE Vendor Name: Oracle Corporation
19:08:08.364 [JavaFX Application Thread] DEBUG Engine               - Running on OS: Windows 10 version 10.0
19:08:08.365 [JavaFX Application Thread] DEBUG Engine               - Architecture: amd64
19:08:08.365 [JavaFX Application Thread] INFO  Engine               - Source code and latest versions at: https://github.com/AlmasB/FXGL
19:08:08.365 [JavaFX Application Thread] INFO  Engine               -              Join the FXGL chat at: https://gitter.im/AlmasB/FXGL
19:08:08.666 [JavaFX Application Thread] DEBUG PrimaryStageWindow   - Creating a JavaFX scene
19:08:08.836 [JavaFX Application Thread] DEBUG PrimaryStageWindow   - Target settings size: 1200.0 x 600.0
19:08:08.837 [JavaFX Application Thread] DEBUG PrimaryStageWindow   - Scaled scene size:    1200.0 x 600.0
19:08:08.837 [JavaFX Application Thread] DEBUG PrimaryStageWindow   - Scaled ratio: (1.0, 1.0)
19:08:08.838 [JavaFX Application Thread] DEBUG PrimaryStageWindow   - Set initial scene to FXGLStartupScene
19:08:08.849 [JavaFX Application Thread] DEBUG PrimaryStageWindow   - Opening main window
19:08:08.992 [JavaFX Application Thread] DEBUG PrimaryStageWindow   - Window border size: (16.0, 39.0)
19:08:08.993 [JavaFX Application Thread] DEBUG PrimaryStageWindow   - Scaled size: 1200.0 x 600.0
19:08:08.993 [JavaFX Application Thread] DEBUG PrimaryStageWindow   - Scaled ratio: (1.0, 1.0)
19:08:08.993 [JavaFX Application Thread] DEBUG PrimaryStageWindow   - Scene size: 1200.0 x 600.0
19:08:08.993 [JavaFX Application Thread] DEBUG PrimaryStageWindow   - Stage size: 1216.0 x 639.0
19:08:09.010 [FXGL Background Thread 1 ] DEBUG Engine               - Initializing environment variables
19:08:09.095 [FXGL Background Thread 1 ] DEBUG FXGLAssetLoaderServi - User app class for loading assets: class net.tkdkid1000.platformer.App
19:08:09.096 [FXGL Background Thread 1 ] DEBUG GameApplicationServi - Applying CSS: fxgl_dark.css
19:08:09.101 [FXGL Background Thread 1 ] DEBUG FXGLAssetLoaderServi - Loading from file system: jar:file:/C:/Users/rhone/.m2/repository/com/github/almasb/fxgl/11.14/fxgl-11.14.jar!/fxglassets/ui/css/fxgl_dark.css
19:08:09.242 [FXGL Background Thread 1 ] DEBUG GameApplicationServi - Initializing application scenes
19:08:09.367 [FXGL Background Thread 1 ] DEBUG GameWorld            - Game world initialized
19:08:09.485 [FXGL Background Thread 1 ] DEBUG PhysicsWorld         - Physics world initialized: appHeight=600, physics.ppm=50.0
19:08:09.487 [FXGL Background Thread 1 ] DEBUG PhysicsWorld         - Using strategy: BRUTE_FORCE
19:08:09.495 [FXGL Background Thread 1 ] DEBUG GameScene            - Game scene initialized: 1200x600
19:08:09.557 [FXGL Background Thread 1 ] DEBUG GameApplicationServi - Application scenes initialized
19:08:09.576 [FXGL Background Thread 1 ] DEBUG SystemBundleService  - Loading FXGL system data
19:08:09.581 [FXGL Background Thread 1 ] DEBUG FileSystemAccess     - Reading from: C:\Users\rhone\eclipse-workspace\FXGLPlatformer\system\fxgl.bundle
19:08:09.587 [FXGL Background Thread 1 ] DEBUG SystemBundleService  - Bundle FXGL: {}
19:08:09.588 [FXGL Background Thread 1 ] DEBUG UpdaterService       - Checking for updates
19:08:09.619 [FXGL Background Thread 4 ] DEBUG FXGLApplication      - Loading fonts
19:08:09.620 [FXGL Background Thread 4 ] DEBUG FXGLAssetLoaderServi - Loading from file system: jar:file:/C:/Users/rhone/.m2/repository/com/github/almasb/fxgl/11.14/fxgl-11.14.jar!/fxglassets/ui/fonts/VarelaRound-Regular.ttf
19:08:09.623 [FXGL Background Thread 1 ] DEBUG FXGLApplication      - Loading default localization
19:08:09.624 [FXGL Background Thread 1 ] DEBUG FXGLAssetLoaderServi - Loading from file system: jar:file:/C:/Users/rhone/.m2/repository/com/github/almasb/fxgl/11.14/fxgl-11.14.jar!/fxglassets/languages/english.lang
19:08:09.658 [FXGL Background Thread 1 ] INFO  FXGLApplication      - FXGL initialization took: 0.647 sec
19:08:09.660 [JavaFX Application Thread] DEBUG FXGLAssetLoaderServi - Loading from file system: file:/C:/Users/rhone/eclipse-workspace/FXGLPlatformer/target/classes/assets/textures/armi.png
19:08:09.715 [JavaFX Application Thread] DEBUG FXGLAssetLoaderServi - Loading from file system: jar:file:/C:/Users/rhone/.m2/repository/com/github/almasb/fxgl/11.14/fxgl-11.14.jar!/fxglassets/ui/cursors/fxgl_default.png
19:08:09.752 [JavaFX Application Thread] DEBUG Input                - Registered new binding: Screenshot - P
19:08:09.755 [JavaFX Application Thread] DEBUG Input                - Registered new binding: System info dump - CTRL+9
19:08:09.757 [JavaFX Application Thread] DEBUG Input                - Registered new binding: Restart - CTRL+R
19:08:09.758 [JavaFX Application Thread] DEBUG Input                - Registered new binding: Toggle Debug Camera - CTRL+C
19:08:09.765 [JavaFX Application Thread] DEBUG LoopRunner           - Starting loop
19:08:09.765 [JavaFX Application Thread] DEBUG LoopRunner           - Initializing JavaFX AnimationTimerLoop
19:08:09.769 [JavaFX Application Thread] DEBUG GameApplicationServi - Starting new game
19:08:09.771 [JavaFX Application Thread] DEBUG Input                - Clearing active input actions
19:08:09.806 [JavaFX Application Thread] DEBUG GameApplicationServi - Removing overlay from FXGLStartupScene and adding to FXGLLoadingScene
19:08:09.808 [JavaFX Application Thread] DEBUG PrimaryStageWindow   - FXGLStartupScene -> FXGLLoadingScene
19:08:09.809 [JavaFX Application Thread] DEBUG GameApplicationServi - Clearing previous game
19:08:09.809 [JavaFX Application Thread] DEBUG GameScene            - Clearing game scene
19:08:09.809 [JavaFX Application Thread] DEBUG GameWorld            - Clearing game world
19:08:09.809 [JavaFX Application Thread] DEBUG PhysicsWorld         - Clearing physics world
19:08:09.813 [FXGL Background Thread 1 ] DEBUG FXGLApplication      - Initializing game
19:08:09.819 [FXGL Background Thread 1 ] DEBUG AchievementService   - Registered new achievement: Jumpman
19:08:09.819 [FXGL Background Thread 1 ] DEBUG AchievementService   - Registered new achievement: Out of the box
19:08:09.831 [FXGL Background Thread 1 ] DEBUG FXGLAssetLoaderServi - Loading from file system: file:/C:/Users/rhone/eclipse-workspace/FXGLPlatformer/target/classes/assets/textures/player.png
19:08:09.897 [FXGL Background Thread 1 ] WARN  FXGLAssetLoaderServi - Asset "/assets/music/bgm.mp3" was not found!
19:08:09.898 [FXGL Background Thread 1 ] WARN  FXGLAssetLoaderServi - Failed to load MUSIC
19:08:09.903 [FXGL Background Thread 1 ] DEBUG AudioPlayer          - Playing music com.almasb.fxgl.audio.Music@9013f30
19:08:09.910 [FXGL Background Thread 1 ] DEBUG Input                - Registered new binding: ClearBlock - C
19:08:09.911 [FXGL Background Thread 1 ] DEBUG Input                - Registered new binding: SpawnBlock - E
19:08:09.911 [FXGL Background Thread 1 ] DEBUG Input                - Registered new binding: Respawn - R
19:08:09.911 [FXGL Background Thread 1 ] DEBUG Input                - Registered new binding: ToggleFullscreen - F11
19:08:09.912 [FXGL Background Thread 1 ] DEBUG Input                - Registered new binding: MovePlayerDown - S
19:08:09.916 [FXGL Background Thread 1 ] DEBUG Input                - Registered new binding: MovePlayerUp - W
19:08:09.917 [FXGL Background Thread 1 ] DEBUG Input                - Registered new binding: MovePlayerRight - D
19:08:09.918 [FXGL Background Thread 1 ] DEBUG Input                - Registered new binding: MovePlayerLeft - A
19:08:09.933 [FXGL Background Thread 1 ] INFO  FXGLApplication      - Game initialization took: 0.119 sec
19:08:09.978 [JavaFX Application Thread] DEBUG Input                - Clearing active input actions
19:08:10.008 [JavaFX Application Thread] DEBUG GameApplicationServi - Removing overlay from FXGLLoadingScene and adding to GameScene
19:08:10.011 [JavaFX Application Thread] DEBUG PrimaryStageWindow   - FXGLLoadingScene -> GameScene
19:08:10.164 [FXGL Background Thread 4 ] DEBUG FXGLAssetLoaderServi - Loading from file system: jar:file:/C:/Users/rhone/.m2/repository/com/github/almasb/fxgl/11.14/fxgl-11.14.jar!/fxglassets/ui/fonts/Abel-Regular.ttf
19:08:10.192 [FXGL Background Thread 4 ] DEBUG FXGLAssetLoaderServi - Loading from file system: jar:file:/C:/Users/rhone/.m2/repository/com/github/almasb/fxgl/11.14/fxgl-11.14.jar!/fxglassets/ui/fonts/lucida_console.ttf
19:08:10.226 [FXGL Background Thread 4 ] DEBUG FXGLAssetLoaderServi - Loading from file system: jar:file:/C:/Users/rhone/.m2/repository/com/github/almasb/fxgl/11.14/fxgl-11.14.jar!/fxglassets/ui/fonts/Courier-Prime.ttf
19:08:10.249 [JavaFX Application Thread] DEBUG FXGLApplication      - Registering font factories with UI factory
19:08:12.614 [FXGL Background Thread 3 ] DEBUG Engine               - Logging environment variables
19:08:12.625 [FXGL Background Thread 3 ] DEBUG Engine               - achievements: []
19:08:12.625 [FXGL Background Thread 3 ] DEBUG Engine               - actualHeight: 600.0
19:08:12.630 [FXGL Background Thread 3 ] DEBUG Engine               - actualHeightProperty: ReadOnlyDoubleProperty [value: 600.0]
19:08:12.631 [FXGL Background Thread 3 ] DEBUG Engine               - actualWidth: 1200.0
19:08:12.632 [FXGL Background Thread 3 ] DEBUG Engine               - actualWidthProperty: ReadOnlyDoubleProperty [value: 1200.0]
19:08:12.632 [FXGL Background Thread 3 ] DEBUG Engine               - appIcon: armi.png
19:08:12.633 [FXGL Background Thread 3 ] DEBUG Engine               - applicationMode: DEVELOPER
19:08:12.633 [FXGL Background Thread 3 ] DEBUG Engine               - cSSList: [fxgl_dark.css]
19:08:12.634 [FXGL Background Thread 3 ] DEBUG Engine               - collisionDetectionStrategy: BRUTE_FORCE
19:08:12.634 [FXGL Background Thread 3 ] DEBUG Engine               - configClass: Optional.empty
19:08:12.635 [FXGL Background Thread 3 ] DEBUG Engine               - credits: [TKDKid1000, github.com/TKDKid1000]
19:08:12.636 [FXGL Background Thread 3 ] DEBUG Engine               - devBBoxColorProperty: ObjectProperty [value: 0xff0000ff]
19:08:12.636 [FXGL Background Thread 3 ] DEBUG Engine               - devEnableDebugCameraProperty: BooleanProperty [value: false]
19:08:12.637 [FXGL Background Thread 3 ] DEBUG Engine               - devSensorColorProperty: ObjectProperty [value: 0xffff00ff]
19:08:12.638 [FXGL Background Thread 3 ] DEBUG Engine               - devShowBBoxProperty: BooleanProperty [value: false]
19:08:12.640 [FXGL Background Thread 3 ] DEBUG Engine               - devShowPositionProperty: BooleanProperty [value: false]
19:08:12.640 [FXGL Background Thread 3 ] DEBUG Engine               - enabledMenuItems: []
19:08:12.642 [FXGL Background Thread 3 ] DEBUG Engine               - engineServices: [class com.almasb.fxgl.app.services.FXGLAssetLoaderService, class com.almasb.fxgl.app.FXGLApplication$GameApplicationService, class com.almasb.fxgl.app.services.FXGLDialogService, class com.almasb.fxgl.app.services.IOTaskExecutorService, class com.almasb.fxgl.event.EventBusService, class com.almasb.fxgl.io.FileSystemService, class com.almasb.fxgl.localization.LocalizationService, class com.almasb.fxgl.app.services.SystemBundleService, class com.almasb.fxgl.profile.SaveLoadService, class com.almasb.fxgl.ui.FXGLUIFactoryServiceProvider, class com.almasb.fxgl.ui.FXGLDialogFactoryServiceProvider, class com.almasb.fxgl.audio.AudioPlayer, class com.almasb.fxgl.notification.impl.NotificationServiceProvider, class com.almasb.fxgl.achievement.AchievementService, class com.almasb.fxgl.cutscene.CutsceneService, class com.almasb.fxgl.minigames.MiniGameService, class com.almasb.fxgl.net.NetService, class com.almasb.fxgl.app.services.UpdaterService, class com.almasb.fxgl.dev.DevService, class com.almasb.fxgl.dev.profiling.ProfilerService]
19:08:12.642 [FXGL Background Thread 3 ] DEBUG Engine               - fontGame: Abel-Regular.ttf
19:08:12.643 [FXGL Background Thread 3 ] DEBUG Engine               - fontMono: lucida_console.ttf
19:08:12.644 [FXGL Background Thread 3 ] DEBUG Engine               - fontText: Courier-Prime.ttf
19:08:12.645 [FXGL Background Thread 3 ] DEBUG Engine               - fontUI: VarelaRound-Regular.ttf
19:08:12.645 [FXGL Background Thread 3 ] DEBUG Engine               - fullScreen: BooleanProperty [value: false]
19:08:12.645 [FXGL Background Thread 3 ] DEBUG Engine               - gameDifficulty: MEDIUM
19:08:12.646 [FXGL Background Thread 3 ] DEBUG Engine               - gameDifficultyProperty: ObjectProperty [value: MEDIUM]
19:08:12.646 [FXGL Background Thread 3 ] DEBUG Engine               - globalMusicVolume: 0.5
19:08:12.647 [FXGL Background Thread 3 ] DEBUG Engine               - globalMusicVolumeProperty: DoubleProperty [value: 0.5]
19:08:12.647 [FXGL Background Thread 3 ] DEBUG Engine               - globalSoundVolume: 0.5
19:08:12.647 [FXGL Background Thread 3 ] DEBUG Engine               - globalSoundVolumeProperty: DoubleProperty [value: 0.5]
19:08:12.647 [FXGL Background Thread 3 ] DEBUG Engine               - height: 600
19:08:12.647 [FXGL Background Thread 3 ] DEBUG Engine               - isAndroid: false
19:08:12.647 [FXGL Background Thread 3 ] DEBUG Engine               - isBrowser: false
19:08:12.647 [FXGL Background Thread 3 ] DEBUG Engine               - isClickFeedbackEnabled: true
19:08:12.647 [FXGL Background Thread 3 ] DEBUG Engine               - isCloseConfirmation: true
19:08:12.647 [FXGL Background Thread 3 ] DEBUG Engine               - isDesktop: true
19:08:12.647 [FXGL Background Thread 3 ] DEBUG Engine               - isDeveloperMenuEnabled: false
19:08:12.647 [FXGL Background Thread 3 ] DEBUG Engine               - isEntityPreloadEnabled: true
19:08:12.647 [FXGL Background Thread 3 ] DEBUG Engine               - isExperimental3D: false
19:08:12.648 [FXGL Background Thread 3 ] DEBUG Engine               - isExperimentalNative: false
19:08:12.648 [FXGL Background Thread 3 ] DEBUG Engine               - isExperimentalTiledLargeMap: false
19:08:12.648 [FXGL Background Thread 3 ] DEBUG Engine               - isFileSystemWriteAllowed: true
19:08:12.648 [FXGL Background Thread 3 ] DEBUG Engine               - isFullScreenAllowed: true
19:08:12.648 [FXGL Background Thread 3 ] DEBUG Engine               - isFullScreenFromStart: false
19:08:12.648 [FXGL Background Thread 3 ] DEBUG Engine               - isGameMenuEnabled: true
19:08:12.648 [FXGL Background Thread 3 ] DEBUG Engine               - isIOS: false
19:08:12.648 [FXGL Background Thread 3 ] DEBUG Engine               - isIntroEnabled: false
19:08:12.648 [FXGL Background Thread 3 ] DEBUG Engine               - isLinux: false
19:08:12.648 [FXGL Background Thread 3 ] DEBUG Engine               - isMac: false
19:08:12.648 [FXGL Background Thread 3 ] DEBUG Engine               - isMainMenuEnabled: false
19:08:12.649 [FXGL Background Thread 3 ] DEBUG Engine               - isManualResizeEnabled: false
19:08:12.649 [FXGL Background Thread 3 ] DEBUG Engine               - isMobile: false
19:08:12.649 [FXGL Background Thread 3 ] DEBUG Engine               - isPreserveResizeRatio: false
19:08:12.649 [FXGL Background Thread 3 ] DEBUG Engine               - isProfilingEnabled: true
19:08:12.649 [FXGL Background Thread 3 ] DEBUG Engine               - isScaleAffectedOnResize: true
19:08:12.649 [FXGL Background Thread 3 ] DEBUG Engine               - isSingleStep: false
19:08:12.649 [FXGL Background Thread 3 ] DEBUG Engine               - isUserProfileEnabled: false
19:08:12.649 [FXGL Background Thread 3 ] DEBUG Engine               - isWindows: true
19:08:12.649 [FXGL Background Thread 3 ] DEBUG Engine               - language: ObjectProperty [value: ENGLISH]
19:08:12.650 [FXGL Background Thread 3 ] DEBUG Engine               - menuKey: ESCAPE
19:08:12.650 [FXGL Background Thread 3 ] DEBUG Engine               - notificationViewClass: class com.almasb.fxgl.notification.view.XboxNotificationView
19:08:12.650 [FXGL Background Thread 3 ] DEBUG Engine               - pixelsPerMeter: 50.0
19:08:12.650 [FXGL Background Thread 3 ] DEBUG Engine               - platform: WINDOWS
19:08:12.650 [FXGL Background Thread 3 ] DEBUG Engine               - prefHeightProperty: ReadOnlyDoubleProperty [value: 600.0]
19:08:12.650 [FXGL Background Thread 3 ] DEBUG Engine               - prefWidthProperty: ReadOnlyDoubleProperty [value: 1200.0]
19:08:12.650 [FXGL Background Thread 3 ] DEBUG Engine               - profileDir: profiles/
19:08:12.651 [FXGL Background Thread 3 ] DEBUG Engine               - profileName: StringProperty [value: DEFAULT]
19:08:12.653 [FXGL Background Thread 3 ] DEBUG Engine               - randomSeed: -1
19:08:12.656 [FXGL Background Thread 3 ] DEBUG Engine               - runtimeInfo: RuntimeInfo(platform=WINDOWS, version=11.14, build=01.03.2021 16.59)
19:08:12.657 [FXGL Background Thread 3 ] DEBUG Engine               - saveFileExt: sav
19:08:12.657 [FXGL Background Thread 3 ] DEBUG Engine               - scaledHeightProp$fxgl: DoubleProperty [bound, value: 600.0]
19:08:12.657 [FXGL Background Thread 3 ] DEBUG Engine               - scaledWidthProp$fxgl: DoubleProperty [bound, value: 1200.0]
19:08:12.657 [FXGL Background Thread 3 ] DEBUG Engine               - sceneFactory: net.tkdkid1000.platformer.App$1@48156b28
19:08:12.658 [FXGL Background Thread 3 ] DEBUG Engine               - secondsIn24h: 60
19:08:12.658 [FXGL Background Thread 3 ] DEBUG Engine               - soundMenuBack: menu/back.wav
19:08:12.658 [FXGL Background Thread 3 ] DEBUG Engine               - soundMenuPress: menu/press.wav
19:08:12.658 [FXGL Background Thread 3 ] DEBUG Engine               - soundMenuSelect: menu/select.wav
19:08:12.658 [FXGL Background Thread 3 ] DEBUG Engine               - soundNotification: core/notification.wav
19:08:12.658 [FXGL Background Thread 3 ] DEBUG Engine               - stageStyle: DECORATED
19:08:12.658 [FXGL Background Thread 3 ] DEBUG Engine               - supportedLanguages: [ENGLISH, FRENCH, GERMAN, HUNGARIAN, RUSSIAN]
19:08:12.658 [FXGL Background Thread 3 ] DEBUG Engine               - ticksPerSecond: -1
19:08:12.658 [FXGL Background Thread 3 ] DEBUG Engine               - title: Platformer
19:08:12.658 [FXGL Background Thread 3 ] DEBUG Engine               - urlGithub: https://github.com/AlmasB/FXGL
19:08:12.659 [FXGL Background Thread 3 ] DEBUG Engine               - urlLeaderboard: http://fxgl-top.herokuapp.com/
19:08:12.659 [FXGL Background Thread 3 ] DEBUG Engine               - urlPOM: https://raw.githubusercontent.com/AlmasB/FXGL/release/README.md
19:08:12.659 [FXGL Background Thread 3 ] DEBUG Engine               - userAppClass: class net.tkdkid1000.platformer.App
19:08:12.659 [FXGL Background Thread 3 ] DEBUG Engine               - version: 0.0.1-DEV-SNAPSHOT
19:08:12.659 [FXGL Background Thread 3 ] DEBUG Engine               - versionCheckDays: 7
19:08:12.659 [FXGL Background Thread 3 ] DEBUG Engine               - width: 1200
19:08:12.659 [FXGL Background Thread 3 ] DEBUG Engine               - Logging services
19:08:12.659 [FXGL Background Thread 3 ] DEBUG Engine               - class com.almasb.fxgl.app.services.FXGLAssetLoaderService
19:08:12.660 [FXGL Background Thread 3 ] DEBUG Engine               - class com.almasb.fxgl.app.FXGLApplication$GameApplicationService
19:08:12.660 [FXGL Background Thread 3 ] DEBUG Engine               - class com.almasb.fxgl.app.services.FXGLDialogService
19:08:12.660 [FXGL Background Thread 3 ] DEBUG Engine               - class com.almasb.fxgl.app.services.IOTaskExecutorService
19:08:12.660 [FXGL Background Thread 3 ] DEBUG Engine               - class com.almasb.fxgl.event.EventBusService
19:08:12.660 [FXGL Background Thread 3 ] DEBUG Engine               - class com.almasb.fxgl.io.FileSystemService
19:08:12.660 [FXGL Background Thread 3 ] DEBUG Engine               - class com.almasb.fxgl.localization.LocalizationService
19:08:12.660 [FXGL Background Thread 3 ] DEBUG Engine               - class com.almasb.fxgl.app.services.SystemBundleService
19:08:12.660 [FXGL Background Thread 3 ] DEBUG Engine               - class com.almasb.fxgl.profile.SaveLoadService
19:08:12.660 [FXGL Background Thread 3 ] DEBUG Engine               - class com.almasb.fxgl.ui.FXGLUIFactoryServiceProvider
19:08:12.660 [FXGL Background Thread 3 ] DEBUG Engine               - class com.almasb.fxgl.ui.FXGLDialogFactoryServiceProvider
19:08:12.660 [FXGL Background Thread 3 ] DEBUG Engine               - class com.almasb.fxgl.audio.AudioPlayer
19:08:12.660 [FXGL Background Thread 3 ] DEBUG Engine               - class com.almasb.fxgl.notification.impl.NotificationServiceProvider
19:08:12.661 [FXGL Background Thread 3 ] DEBUG Engine               - class com.almasb.fxgl.achievement.AchievementService
19:08:12.661 [FXGL Background Thread 3 ] DEBUG Engine               - class com.almasb.fxgl.cutscene.CutsceneService
19:08:12.661 [FXGL Background Thread 3 ] DEBUG Engine               - class com.almasb.fxgl.minigames.MiniGameService
19:08:12.661 [FXGL Background Thread 3 ] DEBUG Engine               - class com.almasb.fxgl.net.NetService
19:08:12.661 [FXGL Background Thread 3 ] DEBUG Engine               - class com.almasb.fxgl.app.services.UpdaterService
19:08:12.661 [FXGL Background Thread 3 ] DEBUG Engine               - class com.almasb.fxgl.dev.DevService
19:08:12.661 [FXGL Background Thread 3 ] DEBUG Engine               - class com.almasb.fxgl.dev.profiling.ProfilerService
19:08:18.940 [JavaFX Application Thread] DEBUG EventBus             - Firing event: AchievementEvent[type=ACHIEVED, name=Out of the box, description=Leave the play area.]
19:08:22.890 [JavaFX Application Thread] DEBUG PrimaryStageWindow   - Push state: MainMenu
19:08:22.892 [JavaFX Application Thread] DEBUG Input                - Clearing active input actions
19:08:22.892 [JavaFX Application Thread] DEBUG GameApplicationServi - Removing overlay from GameScene and adding to MainMenu
19:08:22.895 [JavaFX Application Thread] DEBUG PrimaryStageWindow   - GameScene -> MainMenu
19:08:23.494 [JavaFX Application Thread] DEBUG Menu                 - fireExit()
19:08:23.521 [JavaFX Application Thread] DEBUG PrimaryStageWindow   - Push state: DialogSubScene
19:08:23.521 [JavaFX Application Thread] DEBUG Input                - Clearing active input actions
19:08:23.527 [JavaFX Application Thread] DEBUG GameApplicationServi - Removing overlay from MainMenu and adding to DialogSubScene
19:08:23.528 [JavaFX Application Thread] DEBUG PrimaryStageWindow   - MainMenu -> DialogSubScene
19:08:23.529 [JavaFX Application Thread] DEBUG FXGLAssetLoaderServi - Loading from file system: file:/C:/Users/rhone/eclipse-workspace/FXGLPlatformer/target/classes/assets/music/menu_click.mp3
19:08:23.811 [JavaFX Application Thread] DEBUG AudioPlayer          - Playing music com.almasb.fxgl.audio.Music@6276fe4e
19:08:24.491 [JavaFX Application Thread] DEBUG PrimaryStageWindow   - Pop state: DialogSubScene
19:08:24.491 [JavaFX Application Thread] DEBUG Input                - Clearing active input actions
19:08:24.493 [JavaFX Application Thread] DEBUG GameApplicationServi - Removing overlay from DialogSubScene and adding to MainMenu
19:08:24.494 [JavaFX Application Thread] DEBUG PrimaryStageWindow   - MainMenu <- DialogSubScene
19:08:24.494 [JavaFX Application Thread] DEBUG FXGLApplication      - Exiting FXGL
19:08:24.494 [JavaFX Application Thread] DEBUG LoopRunner           - Stopping loop
19:08:24.494 [JavaFX Application Thread] DEBUG SystemBundleService  - Saving FXGL system data
19:08:24.498 [JavaFX Application Thread] DEBUG FileSystemAccess     - Writing to: C:\Users\rhone\eclipse-workspace\FXGLPlatformer\system\fxgl.bundle
19:08:24.500 [JavaFX Application Thread] INFO  ProfilerWindow       - Profiler (FPS) - 795 frames
19:08:24.501 [JavaFX Application Thread] INFO  ProfilerWindow       - Average: 56.244025157232706
19:08:24.501 [JavaFX Application Thread] INFO  ProfilerWindow       - Minimum: 44.0
19:08:24.501 [JavaFX Application Thread] INFO  ProfilerWindow       - Maximum: 60.0
19:08:24.501 [JavaFX Application Thread] INFO  ProfilerWindow       - Profiler (CPU (ms)) - 795 frames
19:08:24.501 [JavaFX Application Thread] INFO  ProfilerWindow       - Average: 0.7806919496855339
19:08:24.501 [JavaFX Application Thread] INFO  ProfilerWindow       - Minimum: 0.0
19:08:24.501 [JavaFX Application Thread] INFO  ProfilerWindow       - Maximum: 24.7793
19:08:24.502 [JavaFX Application Thread] INFO  ProfilerWindow       - Profiler (RAM (MB)) - 795 frames
19:08:24.502 [JavaFX Application Thread] INFO  ProfilerWindow       - Average: 34.14823771542723
19:08:24.502 [JavaFX Application Thread] INFO  ProfilerWindow       - Minimum: 13.459686279296875
19:08:24.502 [JavaFX Application Thread] INFO  ProfilerWindow       - Maximum: 56.754913330078125
19:08:24.502 [JavaFX Application Thread] INFO  ProfilerService      - Estimated GC runs: 2
19:08:24.502 [JavaFX Application Thread] DEBUG Async                - Shutting down background threads
19:08:24.502 [JavaFX Application Thread] DEBUG PrimaryStageWindow   - Closing main window
19:08:24.533 [JavaFX Application Thread] DEBUG Logger               - Closing Logger
